2015-02-16 13:12:26	http://blog.sina.com.cn/caozhongming	http://blog.sina.com.cn/caozhongming	 content
NULLNULLNULLNULLNULLNULLNULLNULLNULLNULLNULLNULLNULLNULLNULLNULLNULLNULLNULLarray (
  'Title' => '并购重组“泡沫”值得警惕',
  'TagIDs' => NULL,
  'SysTagID' => '5000',
  'Recommend' => NULL,
  'Content' => '
		<div id="sina_keyword_ad_area2" class="articalContent   newfont_family">
			要的估值方法有市场法、收益法和成本法&#65292;而收益法则被普遍采用。以收益法进行资产评估&#65292;容易导致资产估值虚高&#65292;进而导致业绩承诺泡沫的出现。而合理的估值&#65292;不仅能有效规避业绩承诺“吹泡泡”的现象&#65292;也能防止上市公司通过并购重组向标的资产方实施利益输送。

 
其三&#65292;进一步强化市场监管&#65292;并严惩违规行为。《上市公司重大资产重组管理办法》与《上市公司收购管理办法》经过修订后&#65292;并购重组的环境变得宽松了。松绑背景下的上市公司并购重组&#65292;并不意味着监管部门无所作为&#65292;对于那些引起投资者与市场质疑的并购行为&#65292;监管部门可进行必要的“窗口指导”。而且&#65292;监管部门不仅要重视事中与事后监管&#65292;事前监管同样不能放松。对于个中出现的违规违法行为&#65292;应保持“零”容忍的高压态势。

 
其四&#65292;为了防止并购重组“专业户”的产生以及某些上市公司频频启动重组事项&#65292;应规定上市公司在宣布并购重组失败后的12个月内不得再次启动重组&#65292;而不是目前规定的短短3个月时间。<div>&nbsp;<wbr>
&nbsp;<wbr>近期&#65292;上市公司并购重组频现夭折的案例。像万好万家、丰原药业等重组之所以失败&#65292;主要缘于其方案遭到证监会并购重组委的否决&#65292;像福建金森、江泉实业、鲁北化工等则主要是由于上市公司向证监会主动申请撤回重大资产重组申报材料。而在这三家上市公司主动撤回材料的背后&#65292;并购重组业绩承诺泡沫横飞的现象值得关注。</DIV>
<div></DIV>
<div>&nbsp;<wbr> &nbsp;<wbr>
以福建金森为例。去年5月28日开始&#65292;福建金森停牌筹划重大事项&#65292;同年9月9日披露了并购重组方案。在依法履行了董事会、股东大会的审议程序并分别获得通过后&#65292;今年1月30日福建金森向证监会提交了申请材料。然而仅仅四个工作日之后&#65292;上市公司即向监管部门申请撤回相关材料&#65292;问题的焦点则在于业绩承诺上。</DIV>

近期&#65292;上市公司并购重组频现夭折的案例。像万好万家、丰原药业等重组之所以失败&#65292;主要缘于其方案遭到证监会并购重组委的否决&#65292;像福建金森、江泉实业、鲁北化工等则主要是由于上市公司向证监会主动申请撤回重大资产重组申报材料。而在这三家上市公司主动撤回材料的背后&#65292;并购重组业绩承诺泡沫横飞的现象值得关注。

 
以福建金森为例。去年5月28日开始&#65292;福建金森停牌筹划重大事项&#65292;同年9月9日披露了并购重组方案。在依法履行了董事会、股东大会的审议程序并分别获得通过后&#65292;今年1月30日福建金森向证监会提交了申请材料。然而仅仅四个工作日之后&#65292;上市公司即向监管部门申请撤回相关材料&#65292;问题的焦点则在于业绩承诺上。

 
根据1月13日披露的盈利补偿补充协议&#65292;福建金森收购的连城兰花78%股权对应2014年至2016年的承诺净利润&#65292;分别为不低于7487.9万元、8236.69万元与9060.36万元。这3年的合计承诺数&#65292;相当于福建金森2011年至2013年净利润总和的1.65倍。如果业绩承诺能够兑现&#65292;将无形中增厚上市公司的业绩。但由于此次并购的主要交易对方认为盈利补偿条款过于严厉&#65292;要求减少或取消盈利补偿义务&#65292;双方之间因此产生较大分歧&#65292;进而导致了重组的夭折。

 
福建金森的主要交易方显然对于业绩承诺自己也没底&#65292;否则也不会要求减少或取消盈利补偿义务。然而&#65292;在上市公司的并购重组中&#65292;业绩承诺与标的资产的估值是紧密挂钩的。如连城兰花78%股份作价83316万元&#65292;评估增值率为
91.87%&#65292;几乎翻番。资产出售方一方面奢求高估值&#65292;却又不愿为业绩承诺买单&#65292;这显然是行不通的。因此&#65292;福建金森等因业绩承诺问题导致重组失败其实也在情<div></DIV>
<div>&nbsp;<wbr> &nbsp;<wbr>
根据1月13日披露的盈利补偿补充协议&#65292;福建金森收购的连城兰花78%股权对应2014年至2016年的承诺净利润&#65292;分别为不低于7487.9万元、8236.69万元与9060.36万元。这3年的合计承诺数&#65292;相当于福建金森2011年至2013年净利润总和的1.65倍。如果业绩承诺能够兑现&#65292;将无形中增厚上市公司的业绩。但由于此次并购的主要交易对方认为盈利补偿条款过于严厉&#65292;要求减少或取消盈利补偿义务&#65292;双方之间因此产生较大分歧&#65292;进而导致了重组的夭折。</DIV>

近期&#65292;上市公司并购重组频现夭折的案例。像万好万家、丰原药业等重组之所以失败&#65292;主要缘于其方案遭到证监会并购重组委的否决&#65292;像福建金森、江泉实业、鲁北化工等则主要是由于上市公司向证监会主动申请撤回重大资产重组申报材料。而在这三家上市公司主动撤回材料的背后&#65292;并购重组业绩承诺泡沫横飞的现象值得关注。

 
以福建金森为例。去年5月28日开始&#65292;福建金森停牌筹划重大事项&#65292;同年9月9日披露了并购重组方案。在依法履行了董事会、股东大会的审议程序并分别获得通过后&#65292;今年1月30日福建金森向证监会提交了申请材料。然而仅仅四个工作日之后&#65292;上市公司即向监管部门申请撤回相关材料&#65292;问题的焦点则在于业绩承诺上。

 
根据1月13日披露的盈利补偿补充协议&#65292;福建金森收购的连城兰花78%股权对应2014年至2016年的承诺净利润&#65292;分别为不低于7487.9万元、8236.69万元与9060.36万元。这3年的合计承诺数&#65292;相当于福建金森2011年至2013年净利润总和的1.65倍。如果业绩承诺能够兑现&#65292;将无形中增厚上市公司的业绩。但由于此次并购的主要交易对方认为盈利补偿条款过于严厉&#65292;要求减少或取消盈利补偿义务&#65292;双方之间因此产生较大分歧&#65292;进而导致了重组的夭折。

 
福建金森的主要交易方显然对于业绩承诺自己也没底&#65292;否则也不会要求减少或取消盈利补偿义务。然而&#65292;在上市公司的并购重组中&#65292;业绩承诺与标的资产的估值是紧密挂钩的。如连城兰花78%股份作价83316万元&#65292;评估增值率为
91.87%&#65292;几乎翻番。资产出售方一方面奢求高估值&#65292;却又不愿为业绩承诺买单&#65292;这显然是行不通的。因此&#65292;福建金森等因业绩承诺问题导致重组失败其实也在情<div></DIV>
<div>&nbsp;<wbr> &nbsp;<wbr>
福建金森的主要交易方显然对于业绩承诺自己也没底&#65292;否则也不会要求减少或取消盈利补偿义务。然而&#65292;在上市公司的并购重组中&#65292;业绩承诺与标的资产的估值是紧密挂钩的。如连城兰花78%股份作价83316万元&#65292;评估增值率为
91.87%&#65292;几乎翻番。资产出售方一方面奢求高估值&#65292;却又不愿为业绩承诺买单&#65292;这显然是行不通的。因此&#65292;福建金森等因业绩承诺问题导致重组失败其实也在情理之中。</DIV>
理之中。

 
不容置疑的是&#65292;因为业绩承诺存在巨大的泡沫&#65292;福建金森、鲁北化工等纷纷倒在了上会审核的前夜。相对于那些作出了高业绩承诺却又无法实现的并购重组&#65292;三家上市公司提前终止重组&#65292;也能避免今后像金利科技那样惹上不必要的麻烦。然而&#65292;像福建金森与江泉实业等&#65292;因披露并购重组方案&#65292;其股价均出现了大幅上涨&#65292;此次宣布重组失败&#65292;股价面临着的压力可想而知。如消息披露后&#65292;短短两个交易日&#65292;福建金森的股价就下跌超过15%&#65292;高位介入的投资者损失惨重。

 
其实&#65292;除了业绩承诺外&#65292;上市公司并购重组其它类型的“泡沫”同样频频出现。如有的上市公司几成重组“专业户”&#65292;市场上哪个行业成为热点&#65292;其重组标的就瞄准什么行业&#65292;在其多次折腾中&#65292;股价多次出现反复&#65292;而重组丝毫没有任何进展。有些上市公司并购标的为亏损资产&#65292;既不能增强上市公司持续经营能力&#65292;也不能达到提高上市公司资产质量、改善财务状况等方面的目的&#65292;并且明显与《上市公司重大资产重组管理办法》的相关规定相悖。还有的上市公司以并购重组之名&#65292;行利益输送之实&#65292;将并购重组玩弄于股掌之间&#65292;不仅损害了中小投资者的利益&#65292;也践踏了市场的“三公”原则。

 
为防范上市公司并购重组出现的种种“泡沫”&#65292;笔者以为&#65292;首先&#65292;上市公司与中介机构等要充分履行尽职调查的职责。在赣州稀土未能取得环保设施竣工验收与行业准入批准的情形下&#65292;威华股份匆忙披露了重大资产重组方案&#65292;结果导致投资者的疯狂追捧&#65292;重组失败后&#65292;高位介入的投资者因之亏损严重。试想&#65292;如果通过调查确认赣州稀土并没有获得相关资质的情形下&#65292;上市公司不启动重组&#65292;威华股份的重组“黑天鹅”也就不会发生了。

 
其次&#65292;标的资产估值要合理。目前市场上主<div></DIV>
<div>&nbsp;<wbr> &nbsp;<wbr>
不容置疑的是&#65292;因为业绩承诺存在巨大的泡沫&#65292;福建金森、鲁北化工等纷纷倒在了上会审核的前夜。相对于那些作出了高业绩承诺却又无法实现的并购重组&#65292;三家上市公司提前终止重组&#65292;也能避免今后像金利科技那样惹上不必要的麻烦。然而&#65292;像福建金森与江泉实业等&#65292;因披露并购重组方案&#65292;其股价均出现了大幅上涨&#65292;此次宣布重组失败&#65292;股价面临着的压力可想而知。如消息披露后&#65292;短短两个交易日&#65292;福建金森的股价就下跌超过15%&#65292;高位介入的投资者损失惨重。</DIV>
<div></DIV>
<div>&nbsp;<wbr> &nbsp;<wbr>
其实&#65292;除了业绩承诺外&#65292;上市公司并购重组其它类型的“泡沫”同样频频出现。如有的上市公司几成重组“专业户”&#65292;市场上哪个行业成为热点&#65292;其重组标的就瞄准什么行业&#65292;在其多次折腾中&#65292;股价多次出现反复&#65292;而重组丝毫没有任何进展。有些上市公司并购标的为亏损资产&#65292;既不能增强上市公司持续经营能力&#65292;也不能达到提高上市公司资产质量、改善财务状况等方面的目的&#65292;并且明显与《上市公司重大资产重组管理办法》的相关规定相悖。还有的上市公司以并购重组之名&#65292;行利益输送之实&#65292;将并购重组玩弄于股掌之间&#65292;不仅损害了中小投资者的利益&#65292;也践踏了市场的“三公”原则。</DIV>
要的估值方法有市场法、收益法和成本法&#65292;而收益法则被普遍采用。以收益法进行资产评估&#65292;容易导致资产估值虚高&#65292;进而导致业绩承诺泡沫的出现。而合理的估值&#65292;不仅能有效规避业绩承诺“吹泡泡”的现象&#65292;也能防止上市公司通过并购重组向标的资产方实施利益输送。

 
其三&#65292;进一步强化市场监管&#65292;并严惩违规行为。《上市公司重大资产重组管理办法》与《上市公司收购管理办法》经过修订后&#65292;并购重组的环境变得宽松了。松绑背景下的上市公司并购重组&#65292;并不意味着监管部门无所作为&#65292;对于那些引起投资者与市场质疑的并购行为&#65292;监管部门可进行必要的“窗口指导”。而且&#65292;监管部门不仅要重视事中与事后监管&#65292;事前监管同样不能放松。对于个中出现的违规违法行为&#65292;应保持“零”容忍的高压态势。

 
其四&#65292;为了防止并购重组“专业户”的产生以及某些上市公司频频启动重组事项&#65292;应规定上市公司在宣布并购重组失败后的12个月内不得再次启动重组&#65292;而不是目前规定的短短3个月时间。<div></DIV>
<div>&nbsp;<wbr> &nbsp;<wbr>
为防范上市公司并购重组出现的种种“泡沫”&#65292;笔者以为&#65292;首先&#65292;上市公司与中介机构等要充分履行尽职调查的职责。在赣州稀土未能取得环保设施竣工验收与行业准入批准的情形下&#65292;威华股份匆忙披露了重大资产重组方案&#65292;结果导致投资者的疯狂追捧&#65292;重组失败后&#65292;高位介入的投资者因之亏损严重。试想&#65292;如果通过调查确认赣州稀土并没有获得相关资质的情形下&#65292;上市公司不启动重组&#65292;威华股份的重组“黑天鹅”也就不会发生了。</DIV>

近期&#65292;上市公司并购重组频现夭折的案例。像万好万家、丰原药业等重组之所以失败&#65292;主要缘于其方案遭到证监会并购重组委的否决&#65292;像福建金森、江泉实业、鲁北化工等则主要是由于上市公司向证监会主动申请撤回重大资产重组申报材料。而在这三家上市公司主动撤回材料的背后&#65292;并购重组业绩承诺泡沫横飞的现象值得关注。

 
以福建金森为例。去年5月28日开始&#65292;福建金森停牌筹划重大事项&#65292;同年9月9日披露了并购重组方案。在依法履行了董事会、股东大会的审议程序并分别获得通过后&#65292;今年1月30日福建金森向证监会提交了申请材料。然而仅仅四个工作日之后&#65292;上市公司即向监管部门申请撤回相关材料&#65292;问题的焦点则在于业绩承诺上。

 
根据1月13日披露的盈利补偿补充协议&#65292;福建金森收购的连城兰花78%股权对应2014年至2016年的承诺净利润&#65292;分别为不低于7487.9万元、8236.69万元与9060.36万元。这3年的合计承诺数&#65292;相当于福建金森2011年至2013年净利润总和的1.65倍。如果业绩承诺能够兑现&#65292;将无形中增厚上市公司的业绩。但由于此次并购的主要交易对方认为盈利补偿条款过于严厉&#65292;要求减少或取消盈利补偿义务&#65292;双方之间因此产生较大分歧&#65292;进而导致了重组的夭折。

 
福建金森的主要交易方显然对于业绩承诺自己也没底&#65292;否则也不会要求减少或取消盈利补偿义务。然而&#65292;在上市公司的并购重组中&#65292;业绩承诺与标的资产的估值是紧密挂钩的。如连城兰花78%股份作价83316万元&#65292;评估增值率为
91.87%&#65292;几乎翻番。资产出售方一方面奢求高估值&#65292;却又不愿为业绩承诺买单&#65292;这显然是行不通的。因此&#65292;福建金森等因业绩承诺问题导致重组失败其实也在情<div></DIV>
<div>&nbsp;<wbr> &nbsp;<wbr>
其次&#65292;标的资产估值要合理。目前市场上主要的估值方法有市场法、收益法和成本法&#65292;而收益法则被普遍采用。以收益法进行资产评估&#65292;容易导致资产估值虚高&#65292;进而导致业绩承诺泡沫的出现。而合理的估值&#65292;不仅能有效规避业绩承诺“吹泡泡”的现象&#65292;也能防止上市公司通过并购重组向标的资产方实施利益输送。</DIV>
要的估值方法有市场法、收益法和成本法&#65292;而收益法则被普遍采用。以收益法进行资产评估&#65292;容易导致资产估值虚高&#65292;进而导致业绩承诺泡沫的出现。而合理的估值&#65292;不仅能有效规避业绩承诺“吹泡泡”的现象&#65292;也能防止上市公司通过并购重组向标的资产方实施利益输送。

 
其三&#65292;进一步强化市场监管&#65292;并严惩违规行为。《上市公司重大资产重组管理办法》与《上市公司收购管理办法》经过修订后&#65292;并购重组的环境变得宽松了。松绑背景下的上市公司并购重组&#65292;并不意味着监管部门无所作为&#65292;对于那些引起投资者与市场质疑的并购行为&#65292;监管部门可进行必要的“窗口指导”。而且&#65292;监管部门不仅要重视事中与事后监管&#65292;事前监管同样不能放松。对于个中出现的违规违法行为&#65292;应保持“零”容忍的高压态势。

 
其四&#65292;为了防止并购重组“专业户”的产生以及某些上市公司频频启动重组事项&#65292;应规定上市公司在宣布并购重组失败后的12个月内不得再次启动重组&#65292;而不是目前规定的短短3个月时间。<div></DIV>
<div>&nbsp;<wbr> &nbsp;<wbr>
其三&#65292;进一步强化市场监管&#65292;并严惩违规行为。《上市公司重大资产重组管理办法》与《上市公司收购管理办法》经过修订后&#65292;并购重组的环境变得宽松了。松绑背景下的上市公司并购重组&#65292;并不意味着监管部门无所作为&#65292;对于那些引起投资者与市场质疑的并购行为&#65292;监管部门可进行必要的“窗口指导”。而且&#65292;监管部门不仅要重视事中与事后监管&#65292;事前监管同样不能放松。对于个中出现的违规违法行为&#65292;应保持“零”容忍的高压态势。</DIV>
<div></DIV>
<div>&nbsp;<wbr> &nbsp;<wbr>
其四&#65292;为了防止并购重组“专业户”的产生以及某些上市公司频频启动重组事项&#65292;应规定上市公司在宣布并购重组失败后的12个月内不得再次启动重组&#65292;而不是目前规定的短短3个月时间。</DIV>来源：(http://blog.sina.com.cn/s/blog_4151be0f0102vcqh.html) - 并购重组鈥溑菽澲档镁鑏曹中铭_新浪博客							
		</div>
						',
)array (
  'Title' => '并购重组要紧扣盈利与质量的主题',
  'TagIDs' => NULL,
  'SysTagID' => '5000',
  'Recommend' => NULL,
  'Content' => '
		<div id="sina_keyword_ad_area2" class="articalContent   newfont_family">
			<div>&nbsp;<wbr>
&nbsp;<wbr>日前&#65292;万好万家与群兴玩具两家上市公司重大资产重组方案双双未获并购重组委审核通过。此前&#65292;威华股份与丰原药业也遭遇到同样的命运。与2014年近200家上市公司的资产重组方案只有9家遭到否决相比&#65292;今年以来已有4单被否也凸显出并购重组监管日益趋严的态势。</DIV>
到其它股东的权益。

 
因此&#65292;笔者建议&#65292;对于发行股份购买资产的&#65292;证监会并购重组委要进行从严审核&#65292;如果不符合《上市公司重大资产重组管理办法》第十一条与第四十三条的相关规定&#65292;一律否决。另一方面&#65292;鉴于上市公司以补充流动资金、归还贷款或借款等为名实施“储蓄式”再融资日益增多的现象&#65292;应进一步完善再融资制度&#65292;规定所有的再融资必须有相应的募投项目&#65292;以防止上市公司用“储蓄式”再融资获得的资金收购劣质资产。此外&#65292;松绑背景下的上市公司并购重组&#65292;并不意味着监管部门无所作为&#65292;对于那些引起投资者与市场质疑的并购行为&#65292;监管部门可进行必要的“窗口指导”。
<div></DIV>
<div>&nbsp;<wbr> &nbsp;<wbr>
并购重组委审核结果公告显示&#65292;两家上市公司资产重组方案未获通过&#65292;其中原因之一均为标的资产的未来盈利能力存在较大不确定性&#65292;不符合《上市公司重大资产重组管理办法》第十一条“有利于上市公司增强持续经营能力”的规定。显然&#65292;如果“重组”进上市公司的资产连最基本的盈利都没有保障&#65292;这样的并购重组也是没有任何意义的。</DIV>

日前&#65292;万好万家与群兴玩具两家上市公司重大资产重组方案双双未获并购重组委审核通过。此前&#65292;威华股份与丰原药业也遭遇到同样的命运。与2014年近200家上市公司的资产重组方案只有9家遭到否决相比&#65292;今年以来已有4单被否也凸显出并购重组监管日益趋严的态势。

 
并购重组委审核结果公告显示&#65292;两家上市公司资产重组方案未获通过&#65292;其中原因之一均为标的资产的未来盈利能力存在较大不确定性&#65292;不符合《上市公司重大资产重组管理办法》第十一条“有利于上市公司增强持续经营能力”的规定。显然&#65292;如果“重组”进上市公司的资产连最基本的盈利都没有保障&#65292;这样的并购重组也是没有任何意义的。

 
以万好万家为例。万好万家在历经多次重组失败后&#65292;于去年8月份又抛出了拟收购青雨影视、兆讯传媒、翔通动漫三家分别属于影视、传媒、动漫细分行业公司全部股权的方案。其中&#65292;标的资产中兆讯传媒和青雨影视最近三年内曾终止IPO。而且&#65292;中介机构还为其设计了一个非常复杂的方案&#65292;导致万好万家的实际控制人发生变更但又不构成借壳。然而&#65292;万好万家“拼盘式”重组并未得到监管部门的认可。而且&#65292;三家标的公司属于不同的业务领域&#65292;未来存在较大整合风险&#65292;也不利于<div></DIV>
<div>&nbsp;<wbr> &nbsp;<wbr>
以万好万家为例。万好万家在历经多次重组失败后&#65292;于去年8月份又抛出了拟收购青雨影视、兆讯传媒、翔通动漫三家分别属于影视、传媒、动漫细分行业公司全部股权的方案。其中&#65292;标的资产中兆讯传媒和青雨影视最近三年内曾终止IPO。而且&#65292;中介机构还为其设计了一个非常复杂的方案&#65292;导致万好万家的实际控制人发生变更但又不构成借壳。然而&#65292;万好万家“拼盘式”重组并未得到监管部门的认可。而且&#65292;三家标的公司属于不同的业务领域&#65292;未来存在较大整合风险&#65292;也不利于上市公司形成健全有效的法人治理结构。因此&#65292;其并购重组未过关亦在情理之中。</DIV>
<div></DIV>
<div>&nbsp;<wbr> &nbsp;<wbr>
近两三年来A股市场并购重组如火如荼&#65292;但在其火爆的背后&#65292;却暴露出越来越多的问题。如追逐市场热点的重组“专业户”有之&#65292;利用并购重组实施利益输送的有之&#65292;准备不足仓促上马的有之&#65292;“赶时髦”启动重组的有之。在众多五花八门的并购重组中&#65292;像梅花生物、乔治白、普洛药业等曾披露了收购亏损资产的重组方案。像这些上市公司的并购重组&#65292;明显有违《上市公司重大资产重组管理办法》的“有利于上市公司增强持续经营能力”、“有利于提高上市公司资产质量、改善财务状况和增强持续盈利能力”等相关规定。</DIV>
<div></DIV>
<div>&nbsp;<wbr> &nbsp;<wbr>
在《上市公司重大资产重组管理办法》与《上市公司收购管理办法》经过修订后&#65292;并购重组的门槛有所降低&#65292;比如像上市公司用现金购买资产的就无须监管部门的审核通过。上市公司用现金购买资产实现“市场化”后&#65292;用现金买进亏损资产或盈利能力较差的资产就变成了可能。笔者以为&#65292;上市公司的并购重组&#65292;就是要紧扣提升上市公司质量与盈利能力的主题&#65292;只有这样的并购重组&#65292;才有可能使上市公司真正实现做大做强。如果并购进来的是劣质资产&#65292;既不利于提升上市公司的投资价值&#65292;也会损害到其它股东的权益。</DIV>
上市公司形成健全有效的法人治理结构。因此&#65292;其并购重组未过关亦在情理之中。

 
近两三年来A股市场并购重组如火如荼&#65292;但在其火爆的背后&#65292;却暴露出越来越多的问题。如追逐市场热点的重组“专业户”有之&#65292;利用并购重组实施利益输送的有之&#65292;准备不足仓促上马的有之&#65292;“赶时髦”启动重组的有之。在众多五花八门的并购重组中&#65292;像梅花生物、乔治白、普洛药业等曾披露了收购亏损资产的重组方案。像这些上市公司的并购重组&#65292;明显有违《上市公司重大资产重组管理办法》的“有利于上市公司增强持续经营能力”、“有利于提高上市公司资产质量、改善财务状况和增强持续盈利能力”等相关规定。

 
在《上市公司重大资产重组管理办法》与《上市公司收购管理办法》经过修订后&#65292;并购重组的门槛有所降低&#65292;比如像上市公司用现金购买资产的就无须监管部门的审核通过。上市公司用现金购买资产实现“市场化”后&#65292;用现金买进亏损资产或盈利能力较差的资产就变成了可能。笔者以为&#65292;上市公司的并购重组&#65292;就是要紧扣提升上市公司质量与盈利能力的主题&#65292;只有这样的并购重组&#65292;才有可能使上市公司真正实现做大做强。如果并购进来的是劣质资产&#65292;既不利于提升上市公司的投资价值&#65292;也会损害<div></DIV>
<div>&nbsp;<wbr> &nbsp;<wbr>
因此&#65292;笔者建议&#65292;对于发行股份购买资产的&#65292;证监会并购重组委要进行从严审核&#65292;如果不符合《上市公司重大资产重组管理办法》第十一条与第四十三条的相关规定&#65292;一律否决。另一方面&#65292;鉴于上市公司以补充流动资金、归还贷款或借款等为名实施“储蓄式”再融资日益增多的现象&#65292;应进一步完善再融资制度&#65292;规定所有的再融资必须有相应的募投项目&#65292;以防止上市公司用“储蓄式”再融资获得的资金收购劣质资产。此外&#65292;松绑背景下的上市公司并购重组&#65292;并不意味着监管部门无所作为&#65292;对于那些引起投资者与市场质疑的并购行为&#65292;监管部门可进行必要的“窗口指导”。</DIV>

日前&#65292;万好万家与群兴玩具两家上市公司重大资产重组方案双双未获并购重组委审核通过。此前&#65292;威华股份与丰原药业也遭遇到同样的命运。与2014年近200家上市公司的资产重组方案只有9家遭到否决相比&#65292;今年以来已有4单被否也凸显出并购重组监管日益趋严的态势。

 
并购重组委审核结果公告显示&#65292;两家上市公司资产重组方案未获通过&#65292;其中原因之一均为标的资产的未来盈利能力存在较大不确定性&#65292;不符合《上市公司重大资产重组管理办法》第十一条“有利于上市公司增强持续经营能力”的规定。显然&#65292;如果“重组”进上市公司的资产连最基本的盈利都没有保障&#65292;这样的并购重组也是没有任何意义的。

 
以万好万家为例。万好万家在历经多次重组失败后&#65292;于去年8月份又抛出了拟收购青雨影视、兆讯传媒、翔通动漫三家分别属于影视、传媒、动漫细分行业公司全部股权的方案。其中&#65292;标的资产中兆讯传媒和青雨影视最近三年内曾终止IPO。而且&#65292;中介机构还为其设计了一个非常复杂的方案&#65292;导致万好万家的实际控制人发生变更但又不构成借壳。然而&#65292;万好万家“拼盘式”重组并未得到监管部门的认可。而且&#65292;三家标的公司属于不同的业务领域&#65292;未来存在较大整合风险&#65292;也不利于<div></DIV>来源：(http://blog.sina.com.cn/s/blog_4151be0f0102vchf.html) - 并购重组要紧扣盈利与质量的主题_曹中铭_新浪博客							
		</div>
						',
)array (
  'Title' => '上市公司别把并购重组视同儿戏',
  'TagIDs' => NULL,
  'SysTagID' => '5000',
  'Recommend' => NULL,
  'Content' => '
		<div id="sina_keyword_ad_area2" class="articalContent   newfont_family">
			<div>&nbsp;<wbr>
&nbsp;<wbr>日前&#65292;江泉实业的一纸公告&#65292;揭开了其向中国证监会申请撤回资产重组材料的“内幕”。公告显示主要原因为&#65292;部分交易方认为股份锁定期应由36个月缩短至12个月&#65292;对《盈利预测补偿协议》约定的盈利预测补偿义务提出异议&#65292;并要求减少盈利预测补偿义务。尽管上市公司表示正与交易各方就相关条款进行讨论、磋商&#65292;但其如此的“反复无常”显然是值得商榷的。</DIV>

日前&#65292;江泉实业的一纸公告&#65292;揭开了其向中国证监会申请撤回资产重组材料的“内幕”。公告显示主要原因为&#65292;部分交易方认为股份锁定期应由36个月缩短至12个月&#65292;对《盈利预测补偿协议》约定的盈利预测补偿义务提出异议&#65292;并要求减少盈利预测补偿义务。尽管上市公司表示正与交易各方就相关条款进行讨论、磋商&#65292;但其如此的“反复无常”显然是值得商榷的。

 
去年6月12日江泉实业开始停牌筹划重大资产重组事项&#65292;3个月之后的9月12日&#65292;上市公司披露了《重大资产转换及发行股份购买资产暨关联交易报告书》。受该消息的刺激&#65292;其股价连续8个交易日“一”字涨停&#65292;此后仍然不断向上拓展空间。其股价也从停牌前的3.50元&#65292;最高涨到11.88元&#65292;最大涨幅近2.4倍。

 
其实&#65292;江泉实业的资产重组方案本身就不靠谱&#65292;这一点在盈利承诺上表现得最为明显。如标的资产出售方唯美度曾承诺&#65292;2015年至2017年实现的净利润分别不低于1.5亿元、1.84亿元和2.16亿元。然而&#65292;唯美度2011年至2013年的净利润仅为3277.52万元、4303.42万元和4888.54万元&#65292;远远低于承诺的预期盈利。但由于有了盈利承诺&#65292;唯美度的估值达到了16.<div></DIV>
<div>&nbsp;<wbr> &nbsp;<wbr>
去年6月12日江泉实业开始停牌筹划重大资产重组事项&#65292;3个月之后的9月12日&#65292;上市公司披露了《重大资产转换及发行股份购买资产暨关联交易报告书》。受该消息的刺激&#65292;其股价连续8个交易日“一”字涨停&#65292;此后仍然不断向上拓展空间。其股价也从停牌前的3.50元&#65292;最高涨到11.88元&#65292;最大涨幅近2.4倍。</DIV>
<div></DIV>
<div>&nbsp;<wbr> &nbsp;<wbr>
其实&#65292;江泉实业的资产重组方案本身就不靠谱&#65292;这一点在盈利承诺上表现得最为明显。如标的资产出售方唯美度曾承诺&#65292;2015年至2017年实现的净利润分别不低于1.5亿元、1.84亿元和2.16亿元。然而&#65292;唯美度2011年至2013年的净利润仅为3277.52万元、4303.42万元和4888.54万元&#65292;远远低于承诺的预期盈利。但由于有了盈利承诺&#65292;唯美度的估值达到了16.02亿元&#65292;增值率高达631.59%。</DIV>

日前&#65292;江泉实业的一纸公告&#65292;揭开了其向中国证监会申请撤回资产重组材料的“内幕”。公告显示主要原因为&#65292;部分交易方认为股份锁定期应由36个月缩短至12个月&#65292;对《盈利预测补偿协议》约定的盈利预测补偿义务提出异议&#65292;并要求减少盈利预测补偿义务。尽管上市公司表示正与交易各方就相关条款进行讨论、磋商&#65292;但其如此的“反复无常”显然是值得商榷的。

 
去年6月12日江泉实业开始停牌筹划重大资产重组事项&#65292;3个月之后的9月12日&#65292;上市公司披露了《重大资产转换及发行股份购买资产暨关联交易报告书》。受该消息的刺激&#65292;其股价连续8个交易日“一”字涨停&#65292;此后仍然不断向上拓展空间。其股价也从停牌前的3.50元&#65292;最高涨到11.88元&#65292;最大涨幅近2.4倍。

 
其实&#65292;江泉实业的资产重组方案本身就不靠谱&#65292;这一点在盈利承诺上表现得最为明显。如标的资产出售方唯美度曾承诺&#65292;2015年至2017年实现的净利润分别不低于1.5亿元、1.84亿元和2.16亿元。然而&#65292;唯美度2011年至2013年的净利润仅为3277.52万元、4303.42万元和4888.54万元&#65292;远远低于承诺的预期盈利。但由于有了盈利承诺&#65292;唯美度的估值达到了16.<div></DIV>
<div>&nbsp;<wbr> &nbsp;<wbr>
近几年来江泉实业业绩差强人意&#65292;2012年每股亏损0.109元&#65292;2013年盈利0.0416元&#65292;2014年预计亏损1400万元~1700万元。江泉实业股价大幅上涨源于资产重组&#65292;如今没有了该题材的支撑&#65292;高位介入的投资者将面临着巨大的风险。</DIV>

日前&#65292;江泉实业的一纸公告&#65292;揭开了其向中国证监会申请撤回资产重组材料的“内幕”。公告显示主要原因为&#65292;部分交易方认为股份锁定期应由36个月缩短至12个月&#65292;对《盈利预测补偿协议》约定的盈利预测补偿义务提出异议&#65292;并要求减少盈利预测补偿义务。尽管上市公司表示正与交易各方就相关条款进行讨论、磋商&#65292;但其如此的“反复无常”显然是值得商榷的。

 
去年6月12日江泉实业开始停牌筹划重大资产重组事项&#65292;3个月之后的9月12日&#65292;上市公司披露了《重大资产转换及发行股份购买资产暨关联交易报告书》。受该消息的刺激&#65292;其股价连续8个交易日“一”字涨停&#65292;此后仍然不断向上拓展空间。其股价也从停牌前的3.50元&#65292;最高涨到11.88元&#65292;最大涨幅近2.4倍。

 
其实&#65292;江泉实业的资产重组方案本身就不靠谱&#65292;这一点在盈利承诺上表现得最为明显。如标的资产出售方唯美度曾承诺&#65292;2015年至2017年实现的净利润分别不低于1.5亿元、1.84亿元和2.16亿元。然而&#65292;唯美度2011年至2013年的净利润仅为3277.52万元、4303.42万元和4888.54万元&#65292;远远低于承诺的预期盈利。但由于有了盈利承诺&#65292;唯美度的估值达到了16.<div></DIV>
<div>&nbsp;<wbr> &nbsp;<wbr>
江泉实业的资产重组方案已经上会等待审核&#65292;但却被其临阵撤回。不管出于何种原因&#65292;均凸显出其当初启动重组的随意性&#65292;也凸显出其将并购重组视同儿戏的一面。事实上&#65292;在近两年来A股并购重组异常火爆的背后&#65292;将并购重组视同儿戏的不在少数。如步森股份在披露资产重组方案后&#65292;股价涨幅实现翻番&#65292;然而在该方案获得股东大会通过后&#65292;却被上市公司突然终止&#65292;背后的主要原因竟然是现任大股东不希望未来股份过于摊薄&#65292;因协商未果而被终止。再如威华股份。在赣州稀土未能取得环保设施竣工验收与行业准入批准的情形下&#65292;匆忙披露了重大资产重组方案&#65292;结果导致投资者的疯狂追捧&#65292;重组失败后&#65292;高位介入的投资者因之亏损严重&#65292;而其大股东及一致行动人则频频在高位减持套现。</DIV>
见&#65292;上市公司不慎重对待资产重组事项&#65292;把并购重组视同儿戏的行为&#65292;不仅使其诚信度打折&#65292;也会导致投资者出现惨重损失。有鉴于此&#65292;笔者有几点建议。

 
其一&#65292;上市公司并购重组信息披露后&#65292;在召开股东大会审议前&#65292;应禁止大股东的任何减持行为&#65292;违者收益归上市公司所有。其二&#65292;为了防止某些上市公司频繁启动资产重组事项&#65292;应规定一次重组失败后&#65292;在12个月内不得再次实施资产重组&#65292;而不是目前规定的3个月。其三&#65292;基于某些上市公司利用资产重组为大股东及关联方进行利益输送的现象&#65292;监管部门一方面要紧盯其股价是否异动&#65292;另一方面也要严厉监管是否存在利益输送现象。一旦个中存在违规违法行为&#65292;定要严惩不贷。其四&#65292;提升上市公司治理水平&#65292;防范因并购重组产生的风险&#65292;保护中小投资者的利益。
<div></DIV>
<div>&nbsp;<wbr> &nbsp;<wbr>
无论是步森股份还是威华股份&#65292;披露资产重组方案导致股份暴涨&#65292;宣布重组失败又引发股价大幅下跌。由此可见&#65292;上市公司不慎重对待资产重组事项&#65292;把并购重组视同儿戏的行为&#65292;不仅使其诚信度打折&#65292;也会导致投资者出现惨重损失。有鉴于此&#65292;笔者有几点建议。</DIV>
见&#65292;上市公司不慎重对待资产重组事项&#65292;把并购重组视同儿戏的行为&#65292;不仅使其诚信度打折&#65292;也会导致投资者出现惨重损失。有鉴于此&#65292;笔者有几点建议。

 
其一&#65292;上市公司并购重组信息披露后&#65292;在召开股东大会审议前&#65292;应禁止大股东的任何减持行为&#65292;违者收益归上市公司所有。其二&#65292;为了防止某些上市公司频繁启动资产重组事项&#65292;应规定一次重组失败后&#65292;在12个月内不得再次实施资产重组&#65292;而不是目前规定的3个月。其三&#65292;基于某些上市公司利用资产重组为大股东及关联方进行利益输送的现象&#65292;监管部门一方面要紧盯其股价是否异动&#65292;另一方面也要严厉监管是否存在利益输送现象。一旦个中存在违规违法行为&#65292;定要严惩不贷。其四&#65292;提升上市公司治理水平&#65292;防范因并购重组产生的风险&#65292;保护中小投资者的利益。
<div></DIV>
<div>&nbsp;<wbr> &nbsp;<wbr>
其一&#65292;上市公司并购重组信息披露后&#65292;在召开股东大会审议前&#65292;应禁止大股东的任何减持行为&#65292;违者收益归上市公司所有。其二&#65292;为了防止某些上市公司频繁启动资产重组事项&#65292;应规定一次重组失败后&#65292;在12个月内不得再次实施资产重组&#65292;而不是目前规定的3个月。其三&#65292;基于某些上市公司利用资产重组为大股东及关联方进行利益输送的现象&#65292;监管部门一方面要紧盯其股价是否异动&#65292;另一方面也要严厉监管是否存在利益输送现象。一旦个中存在违规违法行为&#65292;定要严惩不贷。其四&#65292;提升上市公司治理水平&#65292;防范因并购重组产生的风险&#65292;保护中小投资者的利益。</DIV>
<div></DIV>来源：(http://blog.sina.com.cn/s/blog_4151be0f0102vc46.html) - 上市公司别把并购重组视同儿戏_曹中铭_新浪博客							
		</div>
						',
)array (
  'Title' => '打造“中国版”的集团诉讼制度',
  'TagIDs' => NULL,
  'SysTagID' => '5000',
  'Recommend' => NULL,
  'Content' => '
		<div id="sina_keyword_ad_area2" class="articalContent   newfont_family">
			于维权时间漫长&#65292;成本非常之高&#65292;最终体现为投资者的维权难。

 
因为有《最高人民法院关于审理证券市场因虚假陈述引发的民事赔偿案件的若干规定》这一司法解释&#65292;因上市公司虚假陈述导致利益受损的投资者可发起诉讼&#65292;但佛山照明的例证又说明&#65292;《若干规定》并非投资者真正的维权“利器”。而且&#65292;除了虚假陈述之外&#65292;市场上像内幕交易、操纵股价、“老鼠仓”等导致投资者利益受损的&#65292;目前根本不存在任何的维权通道。相反&#65292;这类违规行为一经查实&#65292;国库将因之出现增收&#65292;这显然是不公平的。

 
事实上&#65292;目前市场上投资者成功维权的案例也仅仅只有上市公司的虚假陈述而已&#65292;像万福生科、海联讯补偿投资者&#65292;皆因其造假上市&#65292;本质上同样是属于虚假陈述的范畴。制度不健全、维权手段少、涉及面窄等弊端&#65292;成为投资者维权道路上的最大障碍。

 
在如何保护投资者利益问题上&#65292;“像保护自己的眼睛一样保护中小投资者利益”的美国市场堪称我们学习的榜样&#65292;其制度建设亦较为完善。自1933年颁布了第一部规范证券市场的联邦法律《证券法》后&#65292;美国又出台了六部法律或法案&#65292;其中就包括1970年的《证券投资者保护法》&#65292;2002年的《萨班斯—奥克斯利法案》等。而且&#65292;如果利益<div>&nbsp;<wbr>
&nbsp;<wbr>阿里巴巴与国家工商总局的“口水仗”迅速平息并不意外。意外的是&#65292;就淘宝网存在涉嫌出售假货的问题&#65292;有美国律师事务所以代表投资者之名&#65292;先后发表声明宣称调查阿里巴巴&#65292;准备发起集体诉讼。结果如何还有待观察&#65292;但笔者以为&#65292;基于A股市场违规事件频发以及投资者维权难的现实&#65292;应该早日推出“中国版”的集团诉讼制度。</DIV>
<div></DIV>
<div>&nbsp;<wbr> &nbsp;<wbr>
佛山照明成为又一个鲜活的例子。来自监管部门的处罚显示&#65292;佛山照明虚假陈述发生于2010年7月15日至2012年7月5日&#65292;2013年3月6日广东证监局下发了行政处罚决定书。佛山照明2012年中报表明&#65292;其时上市公司股东有10余万。由于A股投资者热衷于短线操作&#65292;可推定符合索赔条件的占据绝大多数。然而&#65292;在监管部门作出行政处罚后&#65292;提起民事索赔诉讼的投资者只有区区数千人&#65292;这也意味着超过九成的投资者放弃了自己的权利。</DIV>
受到侵害&#65292;美国投资者还可发起集团诉讼来维权。

 
“保护投资者特别是广大中小投资者的合法权益”、“保护中小投资者就是保护资本市场”不能成为一句空话&#65292;而是需要切实的行动与制度建设来作保障。美国律师准备就淘宝涉嫌出售假货问题发起集团诉讼与佛山照明投资者维权&#65292;这两件事情看起来“风马牛不相及”&#65292;但却凸显出中美两国资本市场存在的差异&#65292;对投资者的保护状况&#65292;以及我们制度上的缺失。笔者以为&#65292;集团诉讼制度不仅能让违规者付出惨重代价&#65292;震慑后来者&#65292;更是广大中小投资者的维权利器&#65292;应该早日推出。试想&#65292;如果有了集团诉讼制度&#65292;会有多少佛山照明的投资者能够维权&#65311;上市公司又会付出怎样的代价&#65311;<div></DIV>
<div>&nbsp;<wbr> &nbsp;<wbr>
置身于资本市场中&#65292;参与者都是为逐利而来。因上市公司的违规导致合法权益受损&#65292;没有谁不想维权&#65292;而佛山照明超过九成投资者放弃了维权&#65292;等于放弃了自己的利益&#65292;背后却是维权难与维权成本高的劣根性在作怪。A股市场利益受损的投资者&#65292;在其维权时常常遭遇立案难、诉讼难、开庭难以及执行难的困境&#65292;而且&#65292;由于维权时间漫长&#65292;成本非常之高&#65292;最终体现为投资者的维权难。</DIV>

阿里巴巴与国家工商总局的“口水仗”迅速平息并不意外。意外的是&#65292;就淘宝网存在涉嫌出售假货的问题&#65292;有美国律师事务所以代表投资者之名&#65292;先后发表声明宣称调查阿里巴巴&#65292;准备发起集体诉讼。结果如何还有待观察&#65292;但笔者以为&#65292;基于A股市场违规事件频发以及投资者维权难的现实&#65292;应该早日推出“中国版”的集团诉讼制度。

 
佛山照明成为又一个鲜活的例子。来自监管部门的处罚显示&#65292;佛山照明虚假陈述发生于2010年7月15日至2012年7月5日&#65292;2013年3月6日广东证监局下发了行政处罚决定书。佛山照明2012年中报表明&#65292;其时上市公司股东有10余万。由于A股投资者热衷于短线操作&#65292;可推定符合索赔条件的占据绝大多数。然而&#65292;在监管部门作出行政处罚后&#65292;提起民事索赔诉讼的投资者只有区区数千人&#65292;这也意味着超过九成的投资者放弃了自己的权利。

 
置身于资本市场中&#65292;参与者都是为逐利而来。因上市公司的违规导致合法权益受损&#65292;没有谁不想维权&#65292;而佛山照明超过九成投资者放弃了维权&#65292;等于放弃了自己的利益&#65292;背后却是维权难与维权成本高的劣根性在作怪。A股市场利益受损的投资者&#65292;在其维权时常常遭遇立案难、诉讼难、开庭难以及执行难的困境&#65292;而且&#65292;由<div></DIV>
<div>&nbsp;<wbr> &nbsp;<wbr>
因为有《最高人民法院关于审理证券市场因虚假陈述引发的民事赔偿案件的若干规定》这一司法解释&#65292;因上市公司虚假陈述导致利益受损的投资者可发起诉讼&#65292;但佛山照明的例证又说明&#65292;《若干规定》并非投资者真正的维权“利器”。而且&#65292;除了虚假陈述之外&#65292;市场上像内幕交易、操纵股价、“老鼠仓”等导致投资者利益受损的&#65292;目前根本不存在任何的维权通道。相反&#65292;这类违规行为一经查实&#65292;国库将因之出现增收&#65292;这显然是不公平的。</DIV>
<div></DIV>
<div>&nbsp;<wbr> &nbsp;<wbr>
事实上&#65292;目前市场上投资者成功维权的案例也仅仅只有上市公司的虚假陈述而已&#65292;像万福生科、海联讯补偿投资者&#65292;皆因其造假上市&#65292;本质上同样是属于虚假陈述的范畴。制度不健全、维权手段少、涉及面窄等弊端&#65292;成为投资者维权道路上的最大障碍。</DIV>
<div></DIV>
<div>&nbsp;<wbr> &nbsp;<wbr>
在如何保护投资者利益问题上&#65292;“像保护自己的眼睛一样保护中小投资者利益”的美国市场堪称我们学习的榜样&#65292;其制度建设亦较为完善。自1933年颁布了第一部规范证券市场的联邦法律《证券法》后&#65292;美国又出台了六部法律或法案&#65292;其中就包括1970年的《证券投资者保护法》&#65292;2002年的《萨班斯—奥克斯利法案》等。而且&#65292;如果利益受到侵害&#65292;美国投资者还可发起集团诉讼来维权。</DIV>
<div></DIV>
<div>&nbsp;<wbr> &nbsp;<wbr>
“保护投资者特别是广大中小投资者的合法权益”、“保护中小投资者就是保护资本市场”不能成为一句空话&#65292;而是需要切实的行动与制度建设来作保障。美国律师准备就淘宝涉嫌出售假货问题发起集团诉讼与佛山照明投资者维权&#65292;这两件事情看起来“风马牛不相及”&#65292;但却凸显出中美两国资本市场存在的差异&#65292;对投资者的保护状况&#65292;以及我们制度上的缺失。笔者以为&#65292;集团诉讼制度不仅能让违规者付出惨重代价&#65292;震慑后来者&#65292;更是广大中小投资者的维权利器&#65292;应该早日推出。试想&#65292;如果有了集团诉讼制度&#65292;会有多少佛山照明的投资者能够维权&#65311;上市公司又会付出怎样的代价&#65311;</DIV>来源：(http://blog.sina.com.cn/s/blog_4151be0f0102vc2n.html) - 打造鈥溨泄驸澋募潘咚现贫萠曹中铭_新浪博客							
		</div>
						',
)array (
  'Title' => '带“病”圈钱涉嫌操纵股价',
  'TagIDs' => NULL,
  'SysTagID' => '5000',
  'Recommend' => NULL,
  'Content' => '
		<div id="sina_keyword_ad_area2" class="articalContent   newfont_family">
			<div>&nbsp;<wbr>
&nbsp;<wbr>IPO制度改革之后&#65292;目前新股发行市盈率基本降了下来&#65292;20倍左右成为常态。然而&#65292;上市公司再融资却风起云涌&#65292;巨额再融资频现资本市场。据统计&#65292;从去年年初至今&#65292;A股上市公司通过定向增发共计融资7000多亿元&#65292;并且已发布的定增预案&#65292;预计融资高达2.13万亿元&#65281;新股IPO来势凶猛&#65292;上市公司再融资更是猛于虎。</DIV>
。根据《上市公司证券发行管理办法》第三十九条规定&#65292;存在“上市公司或其现任董事、高级管理人员因涉嫌犯罪正被司法机关立案侦查或涉嫌违法违规正被中国证监会立案调查”等情形的&#65292;将不得非公开发行股票&#65292;这意味着其虽然公布了方案&#65292;但在监管部门作出调查结论之前&#65292;监管部门既不可能接收其相关申请材料&#65292;付诸实施更是不可能。而且&#65292;根据监管部门此前从立案调查到作出处罚的时间上看&#65292;有的甚至长达八年之久。因此&#65292;天目药业此时欲带“病”圈钱&#65292;个中存在很大的不确定性。

 
其实&#65292;带“病”强行启动再融资的并非只有天目药业。如去年11月&#65292;因涉嫌信息披露违法违规&#65292;证监会决定对*ST传媒立案稽查。而今年1月29日上市公司公告拟定向增发募资约6亿元投入干细胞和免疫细胞项目。大元股份去年8月遭证监会立案调查&#65292;但随即于10月就抛出了定增方案。

 
无论是天目药业还是*ST传媒与大元股份&#65292;其定增方案披露后都引发了市场的炒作。如大元股份方案公布后&#65292;股价即连续涨停&#65307;截至2月4日&#65292;*ST传媒已连续5个交易日涨停&#65307;受定增的影响&#65292;天目药业的股份也作出了强烈的反应。显然&#65292;定增是这几家公司股价上涨的“导火索”&#65292;但由于本身不具备再融资的资格&#65292;其带“病”圈钱行为&#65292;也涉嫌操纵股价。

 
在A股市场上&#65292;除了带“病”圈钱外&#65292;像带“病”重组、带“病”实施高送转的比比皆是。如威华股份在赣州稀土未能取得环保设施竣工<div></DIV>
<div>&nbsp;<wbr> &nbsp;<wbr>
如果一家上市公司“按部就班”地启动再融资&#65292;本无可厚非。问题在于&#65292;某些上市公司明知不可为却也要强行闯关&#65292;这显然是值得商榷的。如日前天目药业抛出了一份18.4亿元的再融资计划。根据定增方案&#65292;天目药业拟向包括实际控制人杨宗昌在内的6名对象&#65292;合计发行1.355亿股&#65292;募资不超过18.4亿主要投向医药主业。发行完成后&#65292;杨宗昌的持股比例将升至28.42%。</DIV>
验收与行业准入批准的情形下&#65292;匆忙披露了重大资产重组方案&#65292;结果导致投资者的疯狂追捧&#65292;重组失败后&#65292;高位介入的投资者因之亏损严重&#65292;而其大股东及一致行动人则频频在高位减持套现。再如海润光伏&#65292;为了高位减持股份&#65292;三位股东自弹自唱提议10转20的高送转&#65292;在上市公司宣布预亏8亿元的前夕&#65292;又有股东实现精准减持。像这些带“病”的再融资、重组与高送转&#65292;并没有给市场带来正能量&#65292;反而让投资者亏损累累。

 
表面上&#65292;天目药业等上市公司启动再融资并不违规&#65292;但却存在操纵股份的嫌疑&#65292;而天目药业等之所以能宣布定增事项&#65292;其实与现行相关制度存在缺陷关系密切&#65292;而这亦是A股市场的一大“通病”。因此&#65292;针对带“病”再融资、带“病”重组、带“病”高送转等诸多陋习&#65292;监管部门有必要进一步完善制度建设&#65292;并对其中的违规行为进行严惩。
<div></DIV>
<div>&nbsp;<wbr> &nbsp;<wbr>
定增的背景是&#65292;1月16日&#65292;天目药业前董事长宋晓明操盘的长城汇理基金&#65292;通过二级市场增持天目药业股票至10%&#65292;触发二次举牌&#65292;也威胁到杨宗昌对天目药业的控制。通过定增&#65292;杨宗昌持股比例将提升&#65292;而举牌方的持股将被稀释&#65292;这无形中有利于杨宗昌强化对天目药业的控制。另一方面&#65292;通过推出定增的利好&#65292;有利于刺激天目药业股价的上涨&#65292;如果举牌方今后继续增持&#65292;也将提高其增持成本&#65292;可谓“一箭多雕”之举。</DIV>
。根据《上市公司证券发行管理办法》第三十九条规定&#65292;存在“上市公司或其现任董事、高级管理人员因涉嫌犯罪正被司法机关立案侦查或涉嫌违法违规正被中国证监会立案调查”等情形的&#65292;将不得非公开发行股票&#65292;这意味着其虽然公布了方案&#65292;但在监管部门作出调查结论之前&#65292;监管部门既不可能接收其相关申请材料&#65292;付诸实施更是不可能。而且&#65292;根据监管部门此前从立案调查到作出处罚的时间上看&#65292;有的甚至长达八年之久。因此&#65292;天目药业此时欲带“病”圈钱&#65292;个中存在很大的不确定性。

 
其实&#65292;带“病”强行启动再融资的并非只有天目药业。如去年11月&#65292;因涉嫌信息披露违法违规&#65292;证监会决定对*ST传媒立案稽查。而今年1月29日上市公司公告拟定向增发募资约6亿元投入干细胞和免疫细胞项目。大元股份去年8月遭证监会立案调查&#65292;但随即于10月就抛出了定增方案。

 
无论是天目药业还是*ST传媒与大元股份&#65292;其定增方案披露后都引发了市场的炒作。如大元股份方案公布后&#65292;股价即连续涨停&#65307;截至2月4日&#65292;*ST传媒已连续5个交易日涨停&#65307;受定增的影响&#65292;天目药业的股份也作出了强烈的反应。显然&#65292;定增是这几家公司股价上涨的“导火索”&#65292;但由于本身不具备再融资的资格&#65292;其带“病”圈钱行为&#65292;也涉嫌操纵股价。

 
在A股市场上&#65292;除了带“病”圈钱外&#65292;像带“病”重组、带“病”实施高送转的比比皆是。如威华股份在赣州稀土未能取得环保设施竣工<div></DIV>
<div>&nbsp;<wbr> &nbsp;<wbr>
问题在于&#65292;即使天目药业启动再融资&#65292;但由于其去年11月27日收到证监会的《调查通知书》&#65292;目前处于监管部门的立案调查阶段。根据《上市公司证券发行管理办法》第三十九条规定&#65292;存在“上市公司或其现任董事、高级管理人员因涉嫌犯罪正被司法机关立案侦查或涉嫌违法违规正被中国证监会立案调查”等情形的&#65292;将不得非公开发行股票&#65292;这意味着其虽然公布了方案&#65292;但在监管部门作出调查结论之前&#65292;监管部门既不可能接收其相关申请材料&#65292;付诸实施更是不可能。而且&#65292;根据监管部门此前从立案调查到作出处罚的时间上看&#65292;有的甚至长达八年之久。因此&#65292;天目药业此时欲带“病”圈钱&#65292;个中存在很大的不确定性。</DIV>

IPO制度改革之后&#65292;目前新股发行市盈率基本降了下来&#65292;20倍左右成为常态。然而&#65292;上市公司再融资却风起云涌&#65292;巨额再融资频现资本市场。据统计&#65292;从去年年初至今&#65292;A股上市公司通过定向增发共计融资7000多亿元&#65292;并且已发布的定增预案&#65292;预计融资高达2.13万亿元&#65281;新股IPO来势凶猛&#65292;上市公司再融资更是猛于虎。

 
如果一家上市公司“按部就班”地启动再融资&#65292;本无可厚非。问题在于&#65292;某些上市公司明知不可为却也要强行闯关&#65292;这显然是值得商榷的。如日前天目药业抛出了一份18.4亿元的再融资计划。根据定增方案&#65292;天目药业拟向包括实际控制人杨宗昌在内的6名对象&#65292;合计发行1.355亿股&#65292;募资不超过18.4亿主要投向医药主业。发行完成后&#65292;杨宗昌的持股比例将升至28.42%。

 
定增的背景是&#65292;1月16日&#65292;天目药业前董事长宋晓明操盘的长城汇理基金&#65292;通过二级市场增持天目药业股票至10%&#65292;触发二次举牌&#65292;也威胁到杨宗昌对天目药业的控制。通过定增&#65292;杨宗昌持股比例将提升&#65292;而举牌方的持股将被稀释&#65292;这无形中有利于杨宗昌强化对天目药业的控制。另一方面&#65292;通过推出定增的利好&#65292;有利于刺激天目药业股价的上涨&#65292;如果举牌方今后继续增持&#65292;也将提高其增持成本&#65292;可谓“一箭多雕”之举。

 
问题在于&#65292;即使天目药业启动再融资&#65292;但由于其去年11月27日收到证监会的《调查通知书》&#65292;目前处于监管部门的立案调查阶段<div></DIV>
<div>&nbsp;<wbr> &nbsp;<wbr>
其实&#65292;带“病”强行启动再融资的并非只有天目药业。如去年11月&#65292;因涉嫌信息披露违法违规&#65292;证监会决定对*ST传媒立案稽查。而今年1月29日上市公司公告拟定向增发募资约6亿元投入干细胞和免疫细胞项目。大元股份去年8月遭证监会立案调查&#65292;但随即于10月就抛出了定增方案。</DIV>
<div></DIV>
<div>&nbsp;<wbr> &nbsp;<wbr>
无论是天目药业还是*ST传媒与大元股份&#65292;其定增方案披露后都引发了市场的炒作。如大元股份方案公布后&#65292;股价即连续涨停&#65307;截至2月4日&#65292;*ST传媒已连续5个交易日涨停&#65307;受定增的影响&#65292;天目药业的股份也作出了强烈的反应。显然&#65292;定增是这几家公司股价上涨的“导火索”&#65292;但由于本身不具备再融资的资格&#65292;其带“病”圈钱行为&#65292;也涉嫌操纵股价。</DIV>
。根据《上市公司证券发行管理办法》第三十九条规定&#65292;存在“上市公司或其现任董事、高级管理人员因涉嫌犯罪正被司法机关立案侦查或涉嫌违法违规正被中国证监会立案调查”等情形的&#65292;将不得非公开发行股票&#65292;这意味着其虽然公布了方案&#65292;但在监管部门作出调查结论之前&#65292;监管部门既不可能接收其相关申请材料&#65292;付诸实施更是不可能。而且&#65292;根据监管部门此前从立案调查到作出处罚的时间上看&#65292;有的甚至长达八年之久。因此&#65292;天目药业此时欲带“病”圈钱&#65292;个中存在很大的不确定性。

 
其实&#65292;带“病”强行启动再融资的并非只有天目药业。如去年11月&#65292;因涉嫌信息披露违法违规&#65292;证监会决定对*ST传媒立案稽查。而今年1月29日上市公司公告拟定向增发募资约6亿元投入干细胞和免疫细胞项目。大元股份去年8月遭证监会立案调查&#65292;但随即于10月就抛出了定增方案。

 
无论是天目药业还是*ST传媒与大元股份&#65292;其定增方案披露后都引发了市场的炒作。如大元股份方案公布后&#65292;股价即连续涨停&#65307;截至2月4日&#65292;*ST传媒已连续5个交易日涨停&#65307;受定增的影响&#65292;天目药业的股份也作出了强烈的反应。显然&#65292;定增是这几家公司股价上涨的“导火索”&#65292;但由于本身不具备再融资的资格&#65292;其带“病”圈钱行为&#65292;也涉嫌操纵股价。

 
在A股市场上&#65292;除了带“病”圈钱外&#65292;像带“病”重组、带“病”实施高送转的比比皆是。如威华股份在赣州稀土未能取得环保设施竣工<div></DIV>
<div>&nbsp;<wbr> &nbsp;<wbr>
在A股市场上&#65292;除了带“病”圈钱外&#65292;像带“病”重组、带“病”实施高送转的比比皆是。如威华股份在赣州稀土未能取得环保设施竣工验收与行业准入批准的情形下&#65292;匆忙披露了重大资产重组方案&#65292;结果导致投资者的疯狂追捧&#65292;重组失败后&#65292;高位介入的投资者因之亏损严重&#65292;而其大股东及一致行动人则频频在高位减持套现。再如海润光伏&#65292;为了高位减持股份&#65292;三位股东自弹自唱提议10转20的高送转&#65292;在上市公司宣布预亏8亿元的前夕&#65292;又有股东实现精准减持。像这些带“病”的再融资、重组与高送转&#65292;并没有给市场带来正能量&#65292;反而让投资者亏损累累。</DIV>
。根据《上市公司证券发行管理办法》第三十九条规定&#65292;存在“上市公司或其现任董事、高级管理人员因涉嫌犯罪正被司法机关立案侦查或涉嫌违法违规正被中国证监会立案调查”等情形的&#65292;将不得非公开发行股票&#65292;这意味着其虽然公布了方案&#65292;但在监管部门作出调查结论之前&#65292;监管部门既不可能接收其相关申请材料&#65292;付诸实施更是不可能。而且&#65292;根据监管部门此前从立案调查到作出处罚的时间上看&#65292;有的甚至长达八年之久。因此&#65292;天目药业此时欲带“病”圈钱&#65292;个中存在很大的不确定性。

 
其实&#65292;带“病”强行启动再融资的并非只有天目药业。如去年11月&#65292;因涉嫌信息披露违法违规&#65292;证监会决定对*ST传媒立案稽查。而今年1月29日上市公司公告拟定向增发募资约6亿元投入干细胞和免疫细胞项目。大元股份去年8月遭证监会立案调查&#65292;但随即于10月就抛出了定增方案。

 
无论是天目药业还是*ST传媒与大元股份&#65292;其定增方案披露后都引发了市场的炒作。如大元股份方案公布后&#65292;股价即连续涨停&#65307;截至2月4日&#65292;*ST传媒已连续5个交易日涨停&#65307;受定增的影响&#65292;天目药业的股份也作出了强烈的反应。显然&#65292;定增是这几家公司股价上涨的“导火索”&#65292;但由于本身不具备再融资的资格&#65292;其带“病”圈钱行为&#65292;也涉嫌操纵股价。

 
在A股市场上&#65292;除了带“病”圈钱外&#65292;像带“病”重组、带“病”实施高送转的比比皆是。如威华股份在赣州稀土未能取得环保设施竣工<div></DIV>
<div>&nbsp;<wbr> &nbsp;<wbr>
表面上&#65292;天目药业等上市公司启动再融资并不违规&#65292;但却存在操纵股份的嫌疑&#65292;而天目药业等之所以能宣布定增事项&#65292;其实与现行相关制度存在缺陷关系密切&#65292;而这亦是A股市场的一大“通病”。因此&#65292;针对带“病”再融资、带“病”重组、带“病”高送转等诸多陋习&#65292;监管部门有必要进一步完善制度建设&#65292;并对其中的违规行为进行严惩。</DIV>

IPO制度改革之后&#65292;目前新股发行市盈率基本降了下来&#65292;20倍左右成为常态。然而&#65292;上市公司再融资却风起云涌&#65292;巨额再融资频现资本市场。据统计&#65292;从去年年初至今&#65292;A股上市公司通过定向增发共计融资7000多亿元&#65292;并且已发布的定增预案&#65292;预计融资高达2.13万亿元&#65281;新股IPO来势凶猛&#65292;上市公司再融资更是猛于虎。

 
如果一家上市公司“按部就班”地启动再融资&#65292;本无可厚非。问题在于&#65292;某些上市公司明知不可为却也要强行闯关&#65292;这显然是值得商榷的。如日前天目药业抛出了一份18.4亿元的再融资计划。根据定增方案&#65292;天目药业拟向包括实际控制人杨宗昌在内的6名对象&#65292;合计发行1.355亿股&#65292;募资不超过18.4亿主要投向医药主业。发行完成后&#65292;杨宗昌的持股比例将升至28.42%。

 
定增的背景是&#65292;1月16日&#65292;天目药业前董事长宋晓明操盘的长城汇理基金&#65292;通过二级市场增持天目药业股票至10%&#65292;触发二次举牌&#65292;也威胁到杨宗昌对天目药业的控制。通过定增&#65292;杨宗昌持股比例将提升&#65292;而举牌方的持股将被稀释&#65292;这无形中有利于杨宗昌强化对天目药业的控制。另一方面&#65292;通过推出定增的利好&#65292;有利于刺激天目药业股价的上涨&#65292;如果举牌方今后继续增持&#65292;也将提高其增持成本&#65292;可谓“一箭多雕”之举。

 
问题在于&#65292;即使天目药业启动再融资&#65292;但由于其去年11月27日收到证监会的《调查通知书》&#65292;目前处于监管部门的立案调查阶段<div></DIV>来源：(http://blog.sina.com.cn/s/blog_4151be0f0102vby4.html) - 带鈥湶♀澣η嫦硬僮莨杉踎曹中铭_新浪博客							
		</div>
						',
)array (
  'Title' => '退市制度的严肃性不容打折',
  'TagIDs' => NULL,
  'SysTagID' => '5000',
  'Recommend' => NULL,
  'Content' => '
		<div id="sina_keyword_ad_area2" class="articalContent   newfont_family">
			<div>&nbsp;<wbr>
&nbsp;<wbr>日前&#65292;沪深交易所分别对《退市公司重新上市实施办法》、《退市整理期业务实施细则》、《风险警示板股票交易暂行办法》三项退市配套规则进行了修订&#65292;并于1月30日对外发布实施。尽管监管部门声称这主要是为了“进一步完善退市工作机制&#65292;切实保护投资者的合法权益”&#65292;但从修订后的条款看&#65292;将导致退市制度的严肃性“被打折”。</DIV>
金额&#65292;造假上市谁才是最大的受益者毋庸置疑。

 
因此&#65292;对于重大违法公司&#65292;不应给予其重新上市的任何机会。赔偿投资者损失是其责任所在&#65292;责任人员受处罚亦是其咎由自取&#65292;根本无须拿重新上市作为换取其补偿投资者的筹码。然而&#65292;监管部门出于保护中小投资者利益方面的考量&#65292;最终向重大违法者“妥协”了。有了这个“护身符”。无论是在核准制下&#65292;还是在注册制下&#65292;都将无法阻挡欺诈发行与造假上市者的脚步。

 
笔者以为&#65292;主动退市者的重新上市门槛可以放像&#65292;但对于重大违法者&#65292;一经查实&#65292;应责令其立即退市&#65292;并赔偿投资者的所有损失&#65292;绝对不能给予其重新上市的机会。如此&#65292;退市制度才能体现出真正“刚性”的一面。<div></DIV>
<div>&nbsp;<wbr> &nbsp;<wbr>
上市难退市更难是A股市场最真实的写照。一家企业要成功跻身于资本市场&#65292;要经历股份制改造、上市辅导、初审、回馈意见、上会审核等诸多环节。即使是成功过会&#65292;如果市场行情低迷导致新股IPO被迫暂停&#65292;而企业盈利指标不再符合上市的条件&#65292;也存在无法上市的情形。像目前排队企业600家&#65292;排在后面的还不知要等到猴年马月才能上市&#65292;更不要说市场的变化了。</DIV>
<div></DIV>
<div>&nbsp;<wbr> &nbsp;<wbr>
诞生20余年来&#65292;A股市场只有不到80家上市公司“被退市”&#65292;退市率较低。如果考虑到某些上市公司的退市是由于合并等因素引发的&#65292;则真正因触发财务指标而退市的上市公司更少。而为了规避退市的命运&#65292;资产重组、报表重组、财政补贴、奖励等成为某些股市“不死鸟”保牌保壳的“法宝”&#65292;这明显不利于市场资源的优化配置&#65292;也不利于投资者形成正确的投资理念。</DIV>

日前&#65292;沪深交易所分别对《退市公司重新上市实施办法》、《退市整理期业务实施细则》、《风险警示板股票交易暂行办法》三项退市配套规则进行了修订&#65292;并于1月30日对外发布实施。尽管监管部门声称这主要是为了“进一步完善退市工作机制&#65292;切实保护投资者的合法权益”&#65292;但从修订后的条款看&#65292;将导致退市制度的严肃性“被打折”。

 
上市难退市更难是A股市场最真实的写照。一家企业要成功跻身于资本市场&#65292;要经历股份制改造、上市辅导、初审、回馈意见、上会审核等诸多环节。即使是成功过会&#65292;如果市场行情低迷导致新股IPO被迫暂停&#65292;而企业盈利指标不再符合上市的条件&#65292;也存在无法上市的情形。像目前排队企业600家&#65292;排在后面的还不知要等到猴年马月才能上市&#65292;更不要说市场的变化了。

 
诞生20余年来&#65292;A股市场只有不到80家上市公司“被退市”&#65292;退市率较低。如果考虑到某些上市公司的退市是由于合并等因素引发的&#65292;则真正因触发财务指标而退市的上市公司更少。而为了规避退市的命运&#65292;资产重组、报表重组、财政补贴、奖励等成为某些股市“不死鸟”保牌保壳的“法宝”&#65292;这明显不利于市场资源的优化配置&#65292;也不利于投资者形成正确的投资理念。

 
去年10月份颁布的《关于改革完善并严格实施上市公司退市制度的<div></DIV>
<div>&nbsp;<wbr> &nbsp;<wbr>
去年10月份颁布的《关于改革完善并严格实施上市公司退市制度的若干意见》被认为是退市制度改革的一大进步&#65292;特别是对重大违法公司实施的强制退市制度&#65292;更是被解读为刺向欺诈发行与重大信息披露违法行为的一把“利剑”。</DIV>
<div></DIV>
<div>&nbsp;<wbr> &nbsp;<wbr>
但沪深交易所修订的《退市公司重新上市实施办法》&#65292;显然为退市公司的重新上市打开了另一扇方便之门。以上交所的重新上市办法为例。对于主动退市的公司&#65292;上交所对其重新上市制定了一系列的优待措施&#65292;如在申请间隔期方面&#65292;主动退市公司可以在退市后随时申请重新上市&#65307;在申请文件方面&#65292;公司认为相关申请文件不适用的&#65292;可以向上交所申请免于提供&#65307;在审核程序方面&#65292;上交所作出是否同意公司重新上市决定的时间减半&#65292;由常规的六十个交易日缩短为三十个交易日。特别是退市后可随时重新申请的规定&#65292;理论上存在上市公司将该条款玩弄于股掌之间的可能。</DIV>
<div></DIV>
<div>&nbsp;<wbr> &nbsp;<wbr>
退市制度改革的最大败笔在于发生重大违法行为的公司也可申请重新上市&#65292;这一点在《退市公司重新上市实施办法》上同样有所体现。尽管上交所对于重大违法公司重新上市设置了四个方面的前置条件&#65292;但万福生科、海联讯的结果告诉我们&#65292;只要能上市成功&#65292;区区对投资者的补偿又算得了什么&#65311;平安证券设立的万福生科补偿基金为3亿元&#65292;海联讯四位股东设立的补偿基金为2亿元。但相关造假者通过造假获得的巨额利益远远大于补偿的金额&#65292;造假上市谁才是最大的受益者毋庸置疑。</DIV>
<div></DIV>
<div>&nbsp;<wbr> &nbsp;<wbr>
因此&#65292;对于重大违法公司&#65292;不应给予其重新上市的任何机会。赔偿投资者损失是其责任所在&#65292;责任人员受处罚亦是其咎由自取&#65292;根本无须拿重新上市作为换取其补偿投资者的筹码。然而&#65292;监管部门出于保护中小投资者利益方面的考量&#65292;最终向重大违法者“妥协”了。有了这个“护身符”。无论是在核准制下&#65292;还是在注册制下&#65292;都将无法阻挡欺诈发行与造假上市者的脚步。</DIV>
<div></DIV>
<div>&nbsp;<wbr> &nbsp;<wbr>
笔者以为&#65292;主动退市者的重新上市门槛可以放像&#65292;但对于重大违法者&#65292;一经查实&#65292;应责令其立即退市&#65292;并赔偿投资者的所有损失&#65292;绝对不能给予其重新上市的机会。如此&#65292;退市制度才能体现出真正“刚性”的一面。</DIV>来源：(http://blog.sina.com.cn/s/blog_4151be0f0102vbw9.html) - 退市制度的严肃性不容打折_曹中铭_新浪博客							
		</div>
						',
)array (
  'Title' => '切断高送转背后的利益链条',
  'TagIDs' => NULL,
  'SysTagID' => '5000',
  'Recommend' => NULL,
  'Content' => '
		<div id="sina_keyword_ad_area2" class="articalContent   newfont_family">
			<div>&nbsp;<wbr>
&nbsp;<wbr>海润光伏的“高送转”预案披露后没有迎来持续的涨停潮&#65292;反而引发了市场的强烈质疑。其所谓的“高送转”利润分配预案&#65292;到底是为了“回报”投资者&#65292;还是为了“回报”相关提议“高送转”的股东&#65311;显然&#65292;在海润光伏“高送转”的背后&#65292;隐藏着利益链条。</DIV>

海润光伏的“高送转”预案披露后没有迎来持续的涨停潮&#65292;反而引发了市场的强烈质疑。其所谓的“高送转”利润分配预案&#65292;到底是为了“回报”投资者&#65292;还是为了“回报”相关提议“高送转”的股东&#65311;显然&#65292;在海润光伏“高送转”的背后&#65292;隐藏着利益链条。

 
1月23日&#65292;海润光伏发布公告称&#65292;公司前三大股东杨怀进
、九润管业、紫金电子提议&#65292;公司2014年利润分配及资本公积金转增股本预案为&#65306;以资本公积金向全体股东每10股转增20股。这几年上市公司的“高送转”方案堪称多如“牛毛”&#65292;一家上市公司公告“高送转”预案&#65292;本很平常。不过&#65292;对海润光伏而言却并非如此简单。

 
一是在海润光伏公告之前&#65292;其股价已提前大幅上涨。按照1月22日最高价测算&#65292;在其“高送转”的信息披露前&#65292;其股价大幅上涨超过四成&#65292;而同期上证指数的涨幅不过3%左右&#65292;两者之间出现明显的“背离”。二是近几年光伏行业陷入低迷&#65292;海润光伏业绩乏善可陈。其2012年每股收益0.002元&#65292;2013年每股亏损0.1955元&#65292;去年前三季度每股亏损0.0267元&#65292;根本没有高送转的“资本”。三是与上市公司“高送转”预案一同披露的&#65292;还有提议三股东的巨额减持计划。如股东杨怀进计划在1月22日起的未来十二个月内&#65292;减持海润光伏股份将不超过3453万股&#65292;而九润管业和紫金电子&#65292;亦计划自1月22日起未来十二个月内减持部分或全部股份。这三大股东一方面提议“高送转”&#65292;<div></DIV>
<div>&nbsp;<wbr> &nbsp;<wbr>
1月23日&#65292;海润光伏发布公告称&#65292;公司前三大股东杨怀进
、九润管业、紫金电子提议&#65292;公司2014年利润分配及资本公积金转增股本预案为&#65306;以资本公积金向全体股东每10股转增20股。这几年上市公司的“高送转”方案堪称多如“牛毛”&#65292;一家上市公司公告“高送转”预案&#65292;本很平常。不过&#65292;对海润光伏而言却并非如此简单。</DIV>
单必查的要求。其实&#65292;监管部门早就作出了“股价有异动必有严查”的承诺&#65292;但在日常监管中&#65292;却做得不够。股价异动后上市公司方面发布利好的现象可谓比比皆是&#65292;然而真正受到严惩的违规者却少之又少。因此&#65292;对于这方面的监管有必要进一步强化。

 
其次&#65292;上市公司股东提议高送转本无可厚非&#65292;问题在于其提议后又实施减持行为&#65292;这明显涉嫌操纵股价。对于大小非的减持套现行为&#65292;建议监管部门设置一定的“窗口期”。像上述海润光伏三股东提议高送转的&#65292;在上市公司召开股东大会审议相关提案前&#65292;其不得有任何的减持套现行为&#65292;如此才能防止其操纵股价或实施利益输送。

 
当然&#65292;对于提议、酝酿“高送转”的上市公司或其相关股东&#65292;如果个中存在违规行为&#65292;定要保持“零”容忍的高压态势。而切断高送转背后的利益链条&#65292;其实也是“切断”市场中的不公平。<div></DIV>
<div>&nbsp;<wbr> &nbsp;<wbr>
一是在海润光伏公告之前&#65292;其股价已提前大幅上涨。按照1月22日最高价测算&#65292;在其“高送转”的信息披露前&#65292;其股价大幅上涨超过四成&#65292;而同期上证指数的涨幅不过3%左右&#65292;两者之间出现明显的“背离”。二是近几年光伏行业陷入低迷&#65292;海润光伏业绩乏善可陈。其2012年每股收益0.002元&#65292;2013年每股亏损0.1955元&#65292;去年前三季度每股亏损0.0267元&#65292;根本没有高送转的“资本”。三是与上市公司“高送转”预案一同披露的&#65292;还有提议三股东的巨额减持计划。如股东杨怀进计划在1月22日起的未来十二个月内&#65292;减持海润光伏股份将不超过3453万股&#65292;而九润管业和紫金电子&#65292;亦计划自1月22日起未来十二个月内减持部分或全部股份。这三大股东一方面提议“高送转”&#65292;一方面又欲大肆减持股份&#65292;显得较为“矛盾”。四是在其“高送转”方案披露前&#65292;股吧上已出现相关传闻&#65292;这同样不正常。</DIV>
<div></DIV>
<div>&nbsp;<wbr> &nbsp;<wbr>
显然&#65292;海润光伏的高送转并非真的是其所言是“为了积极回报股东&#65292;与所有股东分享公司未来发展的经营成果”。而且&#65292;上市公司目前都没什么经营成果&#65292;分享未来的经营成果又从何谈起&#65311;</DIV>
单必查的要求。其实&#65292;监管部门早就作出了“股价有异动必有严查”的承诺&#65292;但在日常监管中&#65292;却做得不够。股价异动后上市公司方面发布利好的现象可谓比比皆是&#65292;然而真正受到严惩的违规者却少之又少。因此&#65292;对于这方面的监管有必要进一步强化。

 
其次&#65292;上市公司股东提议高送转本无可厚非&#65292;问题在于其提议后又实施减持行为&#65292;这明显涉嫌操纵股价。对于大小非的减持套现行为&#65292;建议监管部门设置一定的“窗口期”。像上述海润光伏三股东提议高送转的&#65292;在上市公司召开股东大会审议相关提案前&#65292;其不得有任何的减持套现行为&#65292;如此才能防止其操纵股价或实施利益输送。

 
当然&#65292;对于提议、酝酿“高送转”的上市公司或其相关股东&#65292;如果个中存在违规行为&#65292;定要保持“零”容忍的高压态势。而切断高送转背后的利益链条&#65292;其实也是“切断”市场中的不公平。<div></DIV>
<div>&nbsp;<wbr> &nbsp;<wbr>
海润光伏高送转预案以及股东减持事项&#65292;也引起监管部门的关注&#65292;上交所为此先后两次向上市公司下达了《问询函》&#65292;要求海润光伏对相关问题进行回复。</DIV>
单必查的要求。其实&#65292;监管部门早就作出了“股价有异动必有严查”的承诺&#65292;但在日常监管中&#65292;却做得不够。股价异动后上市公司方面发布利好的现象可谓比比皆是&#65292;然而真正受到严惩的违规者却少之又少。因此&#65292;对于这方面的监管有必要进一步强化。

 
其次&#65292;上市公司股东提议高送转本无可厚非&#65292;问题在于其提议后又实施减持行为&#65292;这明显涉嫌操纵股价。对于大小非的减持套现行为&#65292;建议监管部门设置一定的“窗口期”。像上述海润光伏三股东提议高送转的&#65292;在上市公司召开股东大会审议相关提案前&#65292;其不得有任何的减持套现行为&#65292;如此才能防止其操纵股价或实施利益输送。

 
当然&#65292;对于提议、酝酿“高送转”的上市公司或其相关股东&#65292;如果个中存在违规行为&#65292;定要保持“零”容忍的高压态势。而切断高送转背后的利益链条&#65292;其实也是“切断”市场中的不公平。<div></DIV>
<div>&nbsp;<wbr> &nbsp;<wbr>
海润光伏的高送转方案疑点重重&#65292;然而实际上&#65292;高送转方案虽然深受投资者的喜爱&#65292;但引起市场质疑的却也不在少数。如金科股份去年1-9月净利润同比减少近三成却也推出了10转14送6派1.5元的预案&#65307;玉龙股份去年11月份有股东提议高送转&#65292;随即有相关股东借股价上涨之机大举减持套现超过4亿元&#65292;上交所因之向上市公司发出监管问询函&#65292;要求其详细披露减持和高送转的关系。</DIV>
<div></DIV>
<div>&nbsp;<wbr> &nbsp;<wbr>
上市公司推出的高送转&#65292;不再是数字游戏&#65292;而是导致了市场利益的重新分配。在上市公司高送转的背后&#65292;提前潜伏的“先知先觉”者有之&#65292;利用高送转实施利益输送者有之&#65292;利用股东身份以高送转之名行减持套现之实者有之。因此&#65292;对于个中存在的不正常现象&#65292;监管部门有必要加以规范。</DIV>
一方面又欲大肆减持股份&#65292;显得较为“矛盾”。四是在其“高送转”方案披露前&#65292;股吧上已出现相关传闻&#65292;这同样不正常。

 
显然&#65292;海润光伏的高送转并非真的是其所言是“为了积极回报股东&#65292;与所有股东分享公司未来发展的经营成果”。而且&#65292;上市公司目前都没什么经营成果&#65292;分享未来的经营成果又从何谈起&#65311;

 
海润光伏高送转预案以及股东减持事项&#65292;也引起监管部门的关注&#65292;上交所为此先后两次向上市公司下达了《问询函》&#65292;要求海润光伏对相关问题进行回复。

 
海润光伏的高送转方案疑点重重&#65292;然而实际上&#65292;高送转方案虽然深受投资者的喜爱&#65292;但引起市场质疑的却也不在少数。如金科股份去年1-9月净利润同比减少近三成却也推出了10转14送6派1.5元的预案&#65307;玉龙股份去年11月份有股东提议高送转&#65292;随即有相关股东借股价上涨之机大举减持套现超过4亿元&#65292;上交所因之向上市公司发出监管问询函&#65292;要求其详细披露减持和高送转的关系。

 
上市公司推出的高送转&#65292;不再是数字游戏&#65292;而是导致了市场利益的重新分配。在上市公司高送转的背后&#65292;提前潜伏的“先知先觉”者有之&#65292;利用高送转实施利益输送者有之&#65292;利用股东身份以高送转之名行减持套现之实者有之。因此&#65292;对于个中存在的不正常现象&#65292;监管部门有必要加以规范。

 
高送转往往会引发股价的大涨。对于像海润光伏这样&#65292;在其预案公布前股价出现“离奇”大涨的&#65292;以及反常的高送转行为&#65292;监管部门已有每<div></DIV>
<div>&nbsp;<wbr> &nbsp;<wbr>
高送转往往会引发股价的大涨。对于像海润光伏这样&#65292;在其预案公布前股价出现“离奇”大涨的&#65292;以及反常的高送转行为&#65292;监管部门已有每单必查的要求。其实&#65292;监管部门早就作出了“股价有异动必有严查”的承诺&#65292;但在日常监管中&#65292;却做得不够。股价异动后上市公司方面发布利好的现象可谓比比皆是&#65292;然而真正受到严惩的违规者却少之又少。因此&#65292;对于这方面的监管有必要进一步强化。</DIV>
一方面又欲大肆减持股份&#65292;显得较为“矛盾”。四是在其“高送转”方案披露前&#65292;股吧上已出现相关传闻&#65292;这同样不正常。

 
显然&#65292;海润光伏的高送转并非真的是其所言是“为了积极回报股东&#65292;与所有股东分享公司未来发展的经营成果”。而且&#65292;上市公司目前都没什么经营成果&#65292;分享未来的经营成果又从何谈起&#65311;

 
海润光伏高送转预案以及股东减持事项&#65292;也引起监管部门的关注&#65292;上交所为此先后两次向上市公司下达了《问询函》&#65292;要求海润光伏对相关问题进行回复。

 
海润光伏的高送转方案疑点重重&#65292;然而实际上&#65292;高送转方案虽然深受投资者的喜爱&#65292;但引起市场质疑的却也不在少数。如金科股份去年1-9月净利润同比减少近三成却也推出了10转14送6派1.5元的预案&#65307;玉龙股份去年11月份有股东提议高送转&#65292;随即有相关股东借股价上涨之机大举减持套现超过4亿元&#65292;上交所因之向上市公司发出监管问询函&#65292;要求其详细披露减持和高送转的关系。

 
上市公司推出的高送转&#65292;不再是数字游戏&#65292;而是导致了市场利益的重新分配。在上市公司高送转的背后&#65292;提前潜伏的“先知先觉”者有之&#65292;利用高送转实施利益输送者有之&#65292;利用股东身份以高送转之名行减持套现之实者有之。因此&#65292;对于个中存在的不正常现象&#65292;监管部门有必要加以规范。

 
高送转往往会引发股价的大涨。对于像海润光伏这样&#65292;在其预案公布前股价出现“离奇”大涨的&#65292;以及反常的高送转行为&#65292;监管部门已有每<div></DIV>
<div>&nbsp;<wbr> &nbsp;<wbr>
其次&#65292;上市公司股东提议高送转本无可厚非&#65292;问题在于其提议后又实施减持行为&#65292;这明显涉嫌操纵股价。对于大小非的减持套现行为&#65292;建议监管部门设置一定的“窗口期”。像上述海润光伏三股东提议高送转的&#65292;在上市公司召开股东大会审议相关提案前&#65292;其不得有任何的减持套现行为&#65292;如此才能防止其操纵股价或实施利益输送。</DIV>
单必查的要求。其实&#65292;监管部门早就作出了“股价有异动必有严查”的承诺&#65292;但在日常监管中&#65292;却做得不够。股价异动后上市公司方面发布利好的现象可谓比比皆是&#65292;然而真正受到严惩的违规者却少之又少。因此&#65292;对于这方面的监管有必要进一步强化。

 
其次&#65292;上市公司股东提议高送转本无可厚非&#65292;问题在于其提议后又实施减持行为&#65292;这明显涉嫌操纵股价。对于大小非的减持套现行为&#65292;建议监管部门设置一定的“窗口期”。像上述海润光伏三股东提议高送转的&#65292;在上市公司召开股东大会审议相关提案前&#65292;其不得有任何的减持套现行为&#65292;如此才能防止其操纵股价或实施利益输送。

 
当然&#65292;对于提议、酝酿“高送转”的上市公司或其相关股东&#65292;如果个中存在违规行为&#65292;定要保持“零”容忍的高压态势。而切断高送转背后的利益链条&#65292;其实也是“切断”市场中的不公平。<div></DIV>
<div>&nbsp;<wbr> &nbsp;<wbr>
当然&#65292;对于提议、酝酿“高送转”的上市公司或其相关股东&#65292;如果个中存在违规行为&#65292;定要保持“零”容忍的高压态势。而切断高送转背后的利益链条&#65292;其实也是“切断”市场中的不公平。</DIV>来源：(http://blog.sina.com.cn/s/blog_4151be0f0102vbuq.html) - 切断高送转背后的利益链条_曹中铭_新浪博客							
		</div>
						',
)array (
  'Title' => '建立大小非减持“窗口期”制度',
  'TagIDs' => NULL,
  'SysTagID' => '5000',
  'Recommend' => NULL,
  'Content' => '
		<div id="sina_keyword_ad_area2" class="articalContent   newfont_family">
			
海润光伏“高送转”闹剧持续发酵。继1月23日之后&#65292;1月27日上市公司又收到来自上交所的《问询函》。监管部门如此密集地“问询”&#65292;显然与发生在海润光伏身上的一系列不合常理的事项有关。

 
1月23日&#65292;海润光伏披露了拟10转20的利润分配预案。与赛象科技一样&#65292;海润光伏在回报股东问题上显得十分“慷慨”。值得注意的是&#65292;在其利润分配预案未公布前&#65292;不仅股吧上出现高送转的传闻&#65292;海润光伏的股价也提前出现异动。自2015年初以来涨幅超过四成&#65292;也大大高于同期上证指数3%左右的涨幅&#65292;其如此“背离”的走势显得不同寻常。另一方面&#65292;海润光伏高送转方案也存在“打肿脸充胖子”的嫌疑。近几年光伏行业低迷&#65292;海润光伏2012年~去年前三季度业绩乏善可陈&#65292;其根本没有实施高送转的“资本”。然而&#65292;三位提议高送转股东的“搭车”减持计划&#65292;则为我们解开了谜团。

 
其实&#65292;“搭车”高送转减持的并非只有海润光伏一家。如去年12月2日赛象科技披露了控股股东的大宗减持计划&#65292;当月25日即公告10转20的利润分配预案。再如去年11月26日玉龙股份披露收到实际控制人唐永清等四人提议10转12派2的高送转预案&#65292;此后&#65292;其中的两位股东借股价上涨之机减持了高达5.67%的股份。由此可见&#65292;高送转已成<div>&nbsp;<wbr>
&nbsp;<wbr>海润光伏“高送转”闹剧持续发酵。继1月23日之后&#65292;1月27日上市公司又收到来自上交所的《问询函》。监管部门如此密集地“问询”&#65292;显然与发生在海润光伏身上的一系列不合常理的事项有关。</DIV>
<div></DIV>
<div>&nbsp;<wbr> &nbsp;<wbr>
1月23日&#65292;海润光伏披露了拟10转20的利润分配预案。与赛象科技一样&#65292;海润光伏在回报股东问题上显得十分“慷慨”。值得注意的是&#65292;在其利润分配预案未公布前&#65292;不仅股吧上出现高送转的传闻&#65292;海润光伏的股价也提前出现异动。自2015年初以来涨幅超过四成&#65292;也大大高于同期上证指数3%左右的涨幅&#65292;其如此“背离”的走势显得不同寻常。另一方面&#65292;海润光伏高送转方案也存在“打肿脸充胖子”的嫌疑。近几年光伏行业低迷&#65292;海润光伏2012年~去年前三季度业绩乏善可陈&#65292;其根本没有实施高送转的“资本”。然而&#65292;三位提议高送转股东的“搭车”减持计划&#65292;则为我们解开了谜团。</DIV>

海润光伏“高送转”闹剧持续发酵。继1月23日之后&#65292;1月27日上市公司又收到来自上交所的《问询函》。监管部门如此密集地“问询”&#65292;显然与发生在海润光伏身上的一系列不合常理的事项有关。

 
1月23日&#65292;海润光伏披露了拟10转20的利润分配预案。与赛象科技一样&#65292;海润光伏在回报股东问题上显得十分“慷慨”。值得注意的是&#65292;在其利润分配预案未公布前&#65292;不仅股吧上出现高送转的传闻&#65292;海润光伏的股价也提前出现异动。自2015年初以来涨幅超过四成&#65292;也大大高于同期上证指数3%左右的涨幅&#65292;其如此“背离”的走势显得不同寻常。另一方面&#65292;海润光伏高送转方案也存在“打肿脸充胖子”的嫌疑。近几年光伏行业低迷&#65292;海润光伏2012年~去年前三季度业绩乏善可陈&#65292;其根本没有实施高送转的“资本”。然而&#65292;三位提议高送转股东的“搭车”减持计划&#65292;则为我们解开了谜团。

 
其实&#65292;“搭车”高送转减持的并非只有海润光伏一家。如去年12月2日赛象科技披露了控股股东的大宗减持计划&#65292;当月25日即公告10转20的利润分配预案。再如去年11月26日玉龙股份披露收到实际控制人唐永清等四人提议10转12派2的高送转预案&#65292;此后&#65292;其中的两位股东借股价上涨之机减持了高达5.67%的股份。由此可见&#65292;高送转已成<div></DIV>
<div>&nbsp;<wbr> &nbsp;<wbr>
其实&#65292;“搭车”高送转减持的并非只有海润光伏一家。如去年12月2日赛象科技披露了控股股东的大宗减持计划&#65292;当月25日即公告10转20的利润分配预案。再如去年11月26日玉龙股份披露收到实际控制人唐永清等四人提议10转12派2的高送转预案&#65292;此后&#65292;其中的两位股东借股价上涨之机减持了高达5.67%的股份。由此可见&#65292;高送转已成为某些上市公司股东高位套现的一大“法宝”。</DIV>

海润光伏“高送转”闹剧持续发酵。继1月23日之后&#65292;1月27日上市公司又收到来自上交所的《问询函》。监管部门如此密集地“问询”&#65292;显然与发生在海润光伏身上的一系列不合常理的事项有关。

 
1月23日&#65292;海润光伏披露了拟10转20的利润分配预案。与赛象科技一样&#65292;海润光伏在回报股东问题上显得十分“慷慨”。值得注意的是&#65292;在其利润分配预案未公布前&#65292;不仅股吧上出现高送转的传闻&#65292;海润光伏的股价也提前出现异动。自2015年初以来涨幅超过四成&#65292;也大大高于同期上证指数3%左右的涨幅&#65292;其如此“背离”的走势显得不同寻常。另一方面&#65292;海润光伏高送转方案也存在“打肿脸充胖子”的嫌疑。近几年光伏行业低迷&#65292;海润光伏2012年~去年前三季度业绩乏善可陈&#65292;其根本没有实施高送转的“资本”。然而&#65292;三位提议高送转股东的“搭车”减持计划&#65292;则为我们解开了谜团。

 
其实&#65292;“搭车”高送转减持的并非只有海润光伏一家。如去年12月2日赛象科技披露了控股股东的大宗减持计划&#65292;当月25日即公告10转20的利润分配预案。再如去年11月26日玉龙股份披露收到实际控制人唐永清等四人提议10转12派2的高送转预案&#65292;此后&#65292;其中的两位股东借股价上涨之机减持了高达5.67%的股份。由此可见&#65292;高送转已成<div></DIV>
<div>&nbsp;<wbr> &nbsp;<wbr>
除了利用高送转减持套现&#65292;资产重组亦成为某些大股东借机高位减持的“利器”。如2013年11月份威华股份宣布拟75亿元收购赣州稀土100%股权&#65292;在该利好刺激下&#65292;其股价大幅上涨&#65292;最大涨幅达500%。而从去年6月份到今年1月6日&#65292;威华股份大股东李建华及一致行动人在股价处于高位时先后减持股份3650万股&#65292;套现金额高达8.4亿元。1月22日上市公司公告重组失败&#65292;其股价即连续三个交易日跌停。大股东及一致行动人提前减持行为不仅遭到市场的质疑&#65292;也受到监管部门限制交易的处罚。事实上&#65292;上市公司大股东利用并购精准减持&#65292;然后重组失败的案例并不少见。</DIV>
<div></DIV>
<div>&nbsp;<wbr> &nbsp;<wbr>
资本市场“利”字当头&#65292;几乎每位置身其中者都追求利益最大化。在逐利过程中&#65292;手握控股权或持股较多的大股东显然处于更加有利的位置&#65292;他们可以启动上市公司的并购重组&#65292;或提议实施“高送转”的利润分配方案。并可利用规则的漏洞&#65292;在股价处于高位时大肆减持&#65292;而把“一地鸡毛”留给市场。</DIV>

海润光伏“高送转”闹剧持续发酵。继1月23日之后&#65292;1月27日上市公司又收到来自上交所的《问询函》。监管部门如此密集地“问询”&#65292;显然与发生在海润光伏身上的一系列不合常理的事项有关。

 
1月23日&#65292;海润光伏披露了拟10转20的利润分配预案。与赛象科技一样&#65292;海润光伏在回报股东问题上显得十分“慷慨”。值得注意的是&#65292;在其利润分配预案未公布前&#65292;不仅股吧上出现高送转的传闻&#65292;海润光伏的股价也提前出现异动。自2015年初以来涨幅超过四成&#65292;也大大高于同期上证指数3%左右的涨幅&#65292;其如此“背离”的走势显得不同寻常。另一方面&#65292;海润光伏高送转方案也存在“打肿脸充胖子”的嫌疑。近几年光伏行业低迷&#65292;海润光伏2012年~去年前三季度业绩乏善可陈&#65292;其根本没有实施高送转的“资本”。然而&#65292;三位提议高送转股东的“搭车”减持计划&#65292;则为我们解开了谜团。

 
其实&#65292;“搭车”高送转减持的并非只有海润光伏一家。如去年12月2日赛象科技披露了控股股东的大宗减持计划&#65292;当月25日即公告10转20的利润分配预案。再如去年11月26日玉龙股份披露收到实际控制人唐永清等四人提议10转12派2的高送转预案&#65292;此后&#65292;其中的两位股东借股价上涨之机减持了高达5.67%的股份。由此可见&#65292;高送转已成<div></DIV>
<div>&nbsp;<wbr> &nbsp;<wbr>
上述大股东的减持行为无疑不利于打造一个公平的市场&#65292;但在如何规范大小非减持问题上&#65292;2008年颁布的《上市公司解除限售存量股份转让指导意见》显然还存在诸多不足。而为了加强对上市公司董监高买卖自家股票行为的管理&#65292;中国证监会出台了《上市公司高管所持本公司股份及其变动管理规则》&#65292;规定其董监高在“上市公司定期报告公告前30日内”、“上市公司业绩预告、业绩快报公告前10日内”等期间内不得买卖本公司的股票。笔者建议&#65292;可借鉴该规定&#65292;建立上市公司大股东减持股份的“窗口期”制度。一是如果相关股东提议“高送转”利润分配方案的&#65292;规定在召开股东大会进行审议前不得有任何减持行为。一旦违规&#65292;其所得收益归上市公司所有。二是如果上市公司启动资产重组工作&#65292;规定所有大小非在方案公布后至上会审核前或宣布重组失败前&#65292;不能减持所持股份&#65292;违者没收收入并处以罚款。如果建立了大小非减持的“窗口期”制度&#65292;海润光伏、威华股份等大股东高位减持的一幕就难以出现了。</DIV>来源：(http://blog.sina.com.cn/s/blog_4151be0f0102vbso.html) - 建立大小非减持鈥湸翱谄阝澲贫萠曹中铭_新浪博客							
		</div>
						',
)array (
  'Title' => '高送转&nbsp;早已变味的饕餮大餐',
  'TagIDs' => NULL,
  'SysTagID' => '5000',
  'Recommend' => NULL,
  'Content' => '
		<div id="sina_keyword_ad_area2" class="articalContent   newfont_family">
			<div>&nbsp;<wbr>
&nbsp;<wbr>海润光伏注定会成为市场关注的焦点。这家本“名不见经传”的上市公司&#65292;因为推出10转20的利润分配预案&#65292;因为受到上交所两次问询&#65292;因为受到市场的强烈质疑&#65292;市场不得不向其行“注目礼”。不过&#65292;在上市公司极为“慷慨大方”的高送转背后&#65292;却暴露出某些股东为了利益而不择手段的另一面。</DIV>
<div></DIV>
<div>&nbsp;<wbr> &nbsp;<wbr>
历数A股市场多年来的高送转现象&#65292;海润光伏堪称是其中的典型&#65292;其“标本”意义是不言而喻的。其一&#65292;其10转20的高转增方案至今为止只有两家上市公司推出&#65292;另一家即为赛象科技&#65292;凸显出上市公司的股东“回报”意识。其二&#65292;没有资本也要“打肿脸充胖子”。近年来光伏行业低迷&#65292;海润光伏从2012年至去年前三季度的业绩乏善可陈&#65292;实际上根本没有任何“资本”实施高送转&#65292;但该上市公司却表现出不同寻常的“高调”。其三&#65292;在上市公司高送转预案没有披露前&#65292;其股价已提前出现异动&#65292;且股吧中已出现相关传闻。在其分配预案没公布前&#65292;今年以来海润光伏股价上涨超过四成&#65292;远远高于同期上证指数3%的涨幅。其四&#65292;其高送转存在利益输送的嫌疑。三位股东提议高送转&#65292;却又公布了股份减持计划。其五&#65292;连续遭到监管部门的关注&#65292;1月23日与27日&#65292;上市公司短期内先后收到上交所的问询函&#65292;这并不多见。</DIV>

海润光伏注定会成为市场关注的焦点。这家本“名不见经传”的上市公司&#65292;因为推出10转20的利润分配预案&#65292;因为受到上交所两次问询&#65292;因为受到市场的强烈质疑&#65292;市场不得不向其行“注目礼”。不过&#65292;在上市公司极为“慷慨大方”的高送转背后&#65292;却暴露出某些股东为了利益而不择手段的另一面。

 
历数A股市场多年来的高送转现象&#65292;海润光伏堪称是其中的典型&#65292;其“标本”意义是不言而喻的。其一&#65292;其10转20的高转增方案至今为止只有两家上市公司推出&#65292;另一家即为赛象科技&#65292;凸显出上市公司的股东“回报”意识。其二&#65292;没有资本也要“打肿脸充胖子”。近年来光伏行业低迷&#65292;海润光伏从2012年至去年前三季度的业绩乏善可陈&#65292;实际上根本没有任何“资本”实施高送转&#65292;但该上市公司却表现出不同寻常的“高调”。其三&#65292;在上市公司高送转预案没有披露前&#65292;其股价已提前出现异动&#65292;且股吧中已出现相关传闻。在其分配预案没公布前&#65292;今年以来海润光伏股价上涨超过四成&#65292;远远高于同期上证指数3%的涨幅。其四&#65292;其高送转存在利益输送的嫌疑。三位股东提议高送转&#65292;却又公布了股份减持计划。其五&#65292;连续遭到监管部门的关注&#65292;1月23日与27日&#65292;上市公司短期内先后收到上交所的问询函&#65292;这并不多见。

 
1月23日海润光伏<div></DIV>
<div>&nbsp;<wbr> &nbsp;<wbr>
1月23日海润光伏预披露利润分配预案&#65292;其重点不在于10转20的预案&#65292;而在于公告后面拖着的“其他事项”的尾巴。紫金电子、九润管业以及杨怀进作为提议高送转的上市公司的前三大股东&#65292;在“其他事项”中均表示欲进行巨额减持。一方面提议高送转&#65292;一方面又欲拍屁股走人&#65292;不合常理&#65292;也不合“逻辑”&#65292;因此其高送转受到市场的质疑亦在情理之中。</DIV>
亦时隐时现。来自监管部门的案情通报显示&#65292;与资产重组一样&#65292;高送转也成为内幕交易的高发区。像海润光伏一样&#65292;某些上市公司的高送转预案还没有公布前&#65292;其股价往往会提前出现异动&#65292;背后到底意味着什么无须多言。而除了内幕交易&#65292;高送转亦蜕变为某些股东为自己牟利的“法宝”。海润光伏的高送转预案&#65292;与其说是为了“回报”股东&#65292;不如说是为相关股东高位减持创造条件更为合适。

 
毫无疑问&#65292;对于上市公司高送转行为必须进行规范。除了证监会对上市公司高送转已有每单必查内幕交易的要求外&#65292;建议规定亏损、业绩差的上市公司禁止高送转&#65292;上市公司高送转的比例不能超过10转10。另外&#65292;对于大股东等“搭车”高送转减持行为也要进行严厉的监管。<div></DIV>
<div>&nbsp;<wbr> &nbsp;<wbr>
除了海润光伏&#65292;大股东“搭车”高送转减持的不乏其人。如去年12月2日赛象科技披露了控股股东的大宗减持计划&#65292;当月25日即公告10转20的利润分配预案&#65307;再如去年11月26日玉龙股份披露收到实际控制人唐永清等四人提议“10转12派2”的高送转预案&#65292;此后&#65292;其中的两位股东借股价上涨之机减持了高达5.67%的股份。由此可见&#65292;高送转已成为某些上市公司股东高位套现的一大“法宝”。</DIV>
预披露利润分配预案&#65292;其重点不在于10转20的预案&#65292;而在于公告后面拖着的“其他事项”的尾巴。紫金电子、九润管业以及杨怀进作为提议高送转的上市公司的前三大股东&#65292;在“其他事项”中均表示欲进行巨额减持。一方面提议高送转&#65292;一方面又欲拍屁股走人&#65292;不合常理&#65292;也不合“逻辑”&#65292;因此其高送转受到市场的质疑亦在情理之中。

 
除了海润光伏&#65292;大股东“搭车”高送转减持的不乏其人。如去年12月2日赛象科技披露了控股股东的大宗减持计划&#65292;当月25日即公告10转20的利润分配预案&#65307;再如去年11月26日玉龙股份披露收到实际控制人唐永清等四人提议“10转12派2”的高送转预案&#65292;此后&#65292;其中的两位股东借股价上涨之机减持了高达5.67%的股份。由此可见&#65292;高送转已成为某些上市公司股东高位套现的一大“法宝”。

 
事实上&#65292;上市公司的利润分配早已变了味。以高送转为例。因为有滚存利润&#65292;此前主要以“送”为主&#65292;如今变成了以公积金转增为主。这就意味着&#65292;无论上市公司是否有滚存利润&#65292;只要有足够的资本公积&#65292;都具备大比例转增股本的可能。利润分配的送红股异化为转增股本&#65292;虽然只是数字游戏&#65292;却能成为某些别有用心者操纵股价的工具。

 
其实&#65292;高送转不仅存在操纵股份方面的问题&#65292;内幕交易现象<div></DIV>
<div>&nbsp;<wbr> &nbsp;<wbr>
事实上&#65292;上市公司的利润分配早已变了味。以高送转为例。因为有滚存利润&#65292;此前主要以“送”为主&#65292;如今变成了以公积金转增为主。这就意味着&#65292;无论上市公司是否有滚存利润&#65292;只要有足够的资本公积&#65292;都具备大比例转增股本的可能。利润分配的送红股异化为转增股本&#65292;虽然只是数字游戏&#65292;却能成为某些别有用心者操纵股价的工具。</DIV>

海润光伏注定会成为市场关注的焦点。这家本“名不见经传”的上市公司&#65292;因为推出10转20的利润分配预案&#65292;因为受到上交所两次问询&#65292;因为受到市场的强烈质疑&#65292;市场不得不向其行“注目礼”。不过&#65292;在上市公司极为“慷慨大方”的高送转背后&#65292;却暴露出某些股东为了利益而不择手段的另一面。

 
历数A股市场多年来的高送转现象&#65292;海润光伏堪称是其中的典型&#65292;其“标本”意义是不言而喻的。其一&#65292;其10转20的高转增方案至今为止只有两家上市公司推出&#65292;另一家即为赛象科技&#65292;凸显出上市公司的股东“回报”意识。其二&#65292;没有资本也要“打肿脸充胖子”。近年来光伏行业低迷&#65292;海润光伏从2012年至去年前三季度的业绩乏善可陈&#65292;实际上根本没有任何“资本”实施高送转&#65292;但该上市公司却表现出不同寻常的“高调”。其三&#65292;在上市公司高送转预案没有披露前&#65292;其股价已提前出现异动&#65292;且股吧中已出现相关传闻。在其分配预案没公布前&#65292;今年以来海润光伏股价上涨超过四成&#65292;远远高于同期上证指数3%的涨幅。其四&#65292;其高送转存在利益输送的嫌疑。三位股东提议高送转&#65292;却又公布了股份减持计划。其五&#65292;连续遭到监管部门的关注&#65292;1月23日与27日&#65292;上市公司短期内先后收到上交所的问询函&#65292;这并不多见。

 
1月23日海润光伏<div></DIV>
<div>&nbsp;<wbr> &nbsp;<wbr>
其实&#65292;高送转不仅存在操纵股份方面的问题&#65292;内幕交易现象亦时隐时现。来自监管部门的案情通报显示&#65292;与资产重组一样&#65292;高送转也成为内幕交易的高发区。像海润光伏一样&#65292;某些上市公司的高送转预案还没有公布前&#65292;其股价往往会提前出现异动&#65292;背后到底意味着什么无须多言。而除了内幕交易&#65292;高送转亦蜕变为某些股东为自己牟利的“法宝”。海润光伏的高送转预案&#65292;与其说是为了“回报”股东&#65292;不如说是为相关股东高位减持创造条件更为合适。</DIV>
<div></DIV>
<div>&nbsp;<wbr> &nbsp;<wbr>
毫无疑问&#65292;对于上市公司高送转行为必须进行规范。除了证监会对上市公司高送转已有每单必查内幕交易的要求外&#65292;建议规定亏损、业绩差的上市公司禁止高送转&#65292;上市公司高送转的比例不能超过10转10。另外&#65292;对于大股东等“搭车”高送转减持行为也要进行严厉的监管。</DIV>来源：(http://blog.sina.com.cn/s/blog_4151be0f0102vbr4.html) - 高送转&nbsp;<wbr>早已变味的饕餮大餐_曹中铭_新浪博客							
		</div>
						',
)array (
  'Title' => '资产证券化有利于券商做大做强',
  'TagIDs' => NULL,
  'SysTagID' => '5000',
  'Recommend' => NULL,
  'Content' => '
		<div id="sina_keyword_ad_area2" class="articalContent   newfont_family">
			
1月26日&#65292;申万宏源证券登陆深交所&#65292;并以19.65元收盘&#65292;暴涨32.06%&#65292;其总市值也超越国信证券从而成为深市“一哥”&#65292;在所有券商中仅次于中信证券而排名“老二”。申万宏源的挂牌&#65292;实际上意味着此前的申银万国证券公司实现了上市的梦想&#65292;意味着其资产也实现了证券化。

 
央行降息后的疯牛行情&#65292;表现最耀眼的莫过于券商股。股市走牛&#65292;券商是最直接的受益者。而券商股的强势&#65292;又带动了整个市场。随着国信证券的成功发行与上市&#65292;券商股迎来了第20位成员。但相对于百余家券商而言&#65292;目前只有20家跻身于资本市场&#65292;这个比例明显不高&#65292;今后将有更多券商上市将是大概率事件。

 
而券商实现资产证券化&#65292;其好处则是多方面的。一方面&#65292;从一家普通企业“晋升”为一家上市公司&#65292;券商将接受整个市场的监督&#65292;这将有助于其提高公司治理水平&#65292;规范经营与运作&#65292;进而提升市场竞争能力与抗风险能力。另一方面&#65292;在诸多企业普遍感到融资难的背景下&#65292;借助于资本市场这个平台&#65292;券商不仅在新股IPO时能获取巨额资金&#65292;还能通过再融资等方式来获得所需资金&#65292;从而促进券商做大做强&#65292;其背后的意义不言而喻。

 
资产证券化对于券商而言到底意味着什么&#65292;中信证券与长江证券给出了答案。这两家券商虽然都实现了上市&#65292;但在上市前&#65292;两家券商无论是<div>&nbsp;<wbr>
&nbsp;<wbr>1月26日&#65292;申万宏源证券登陆深交所&#65292;并以19.65元收盘&#65292;暴涨32.06%&#65292;其总市值也超越国信证券从而成为深市“一哥”&#65292;在所有券商中仅次于中信证券而排名“老二”。申万宏源的挂牌&#65292;实际上意味着此前的申银万国证券公司实现了上市的梦想&#65292;意味着其资产也实现了证券化。</DIV>

1月26日&#65292;申万宏源证券登陆深交所&#65292;并以19.65元收盘&#65292;暴涨32.06%&#65292;其总市值也超越国信证券从而成为深市“一哥”&#65292;在所有券商中仅次于中信证券而排名“老二”。申万宏源的挂牌&#65292;实际上意味着此前的申银万国证券公司实现了上市的梦想&#65292;意味着其资产也实现了证券化。

 
央行降息后的疯牛行情&#65292;表现最耀眼的莫过于券商股。股市走牛&#65292;券商是最直接的受益者。而券商股的强势&#65292;又带动了整个市场。随着国信证券的成功发行与上市&#65292;券商股迎来了第20位成员。但相对于百余家券商而言&#65292;目前只有20家跻身于资本市场&#65292;这个比例明显不高&#65292;今后将有更多券商上市将是大概率事件。

 
而券商实现资产证券化&#65292;其好处则是多方面的。一方面&#65292;从一家普通企业“晋升”为一家上市公司&#65292;券商将接受整个市场的监督&#65292;这将有助于其提高公司治理水平&#65292;规范经营与运作&#65292;进而提升市场竞争能力与抗风险能力。另一方面&#65292;在诸多企业普遍感到融资难的背景下&#65292;借助于资本市场这个平台&#65292;券商不仅在新股IPO时能获取巨额资金&#65292;还能通过再融资等方式来获得所需资金&#65292;从而促进券商做大做强&#65292;其背后的意义不言而喻。

 
资产证券化对于券商而言到底意味着什么&#65292;中信证券与长江证券给出了答案。这两家券商虽然都实现了上市&#65292;但在上市前&#65292;两家券商无论是<div></DIV>
<div>&nbsp;<wbr> &nbsp;<wbr>
央行降息后的疯牛行情&#65292;表现最耀眼的莫过于券商股。股市走牛&#65292;券商是最直接的受益者。而券商股的强势&#65292;又带动了整个市场。随着国信证券的成功发行与上市&#65292;券商股迎来了第20位成员。但相对于百余家券商而言&#65292;目前只有20家跻身于资本市场&#65292;这个比例明显不高&#65292;今后将有更多券商上市将是大概率事件。</DIV>
规模、市场影响力、业绩等方面都相差无几。但中信证券于2002年成功发行股份募集到18亿元的资金并于次年1月份上市&#65292;自此其开始步入发展的快车道。四年之后长江证券虽然以股改的方式借壳石炼化上市&#65292;但早已输在了起跑线上。如今&#65292;当年不相上下的两家券商&#65292;中信证券已成行业翘楚&#65292;而长江证券则被其远远地抛在后面。

 
随着《国务院关于进一步促进资本市场健康发展的若干意见》的颁布&#65292;以及中国证监会《关于进一步推进证券经营机构创新发展的意见》的出台&#65292;券商行业发展迎来新的机遇。此前&#65292;监管部门不断推出的创新举措&#65292;像融资融券业务、资产管理业务等&#65292;在为券商增添了新的盈利点的同时&#65292;也逐渐让其摆脱了靠“天”吃饭的困境&#65292;券商行业性亏损也没有再现。而且&#65292;随着股票期权等更多创新业务的推出&#65292;券商将会从中获取更大的利益。而这一切&#65292;同样有利于券商的做大做强。

 
然而&#65292;在监管部门大举推进券商创新的同时&#65292;如何防范其中的风险显然不应被漠视。如今年1月16日中国证监会通报了2014年第四季度证券公司融资类业务现场检查情况&#65292;对相关违规券商处罚并重申50万元的门槛之后&#65292;“1.19”暴跌突然而至。当天股市大跌&#65292;券商两融违规无疑要承担主要责任。事实上&#65292;券商两融违规也为其创新业务敲响了警钟。如果不能规范运作<div></DIV>
<div>&nbsp;<wbr> &nbsp;<wbr>
而券商实现资产证券化&#65292;其好处则是多方面的。一方面&#65292;从一家普通企业“晋升”为一家上市公司&#65292;券商将接受整个市场的监督&#65292;这将有助于其提高公司治理水平&#65292;规范经营与运作&#65292;进而提升市场竞争能力与抗风险能力。另一方面&#65292;在诸多企业普遍感到融资难的背景下&#65292;借助于资本市场这个平台&#65292;券商不仅在新股IPO时能获取巨额资金&#65292;还能通过再融资等方式来获得所需资金&#65292;从而促进券商做大做强&#65292;其背后的意义不言而喻。</DIV>

1月26日&#65292;申万宏源证券登陆深交所&#65292;并以19.65元收盘&#65292;暴涨32.06%&#65292;其总市值也超越国信证券从而成为深市“一哥”&#65292;在所有券商中仅次于中信证券而排名“老二”。申万宏源的挂牌&#65292;实际上意味着此前的申银万国证券公司实现了上市的梦想&#65292;意味着其资产也实现了证券化。

 
央行降息后的疯牛行情&#65292;表现最耀眼的莫过于券商股。股市走牛&#65292;券商是最直接的受益者。而券商股的强势&#65292;又带动了整个市场。随着国信证券的成功发行与上市&#65292;券商股迎来了第20位成员。但相对于百余家券商而言&#65292;目前只有20家跻身于资本市场&#65292;这个比例明显不高&#65292;今后将有更多券商上市将是大概率事件。

 
而券商实现资产证券化&#65292;其好处则是多方面的。一方面&#65292;从一家普通企业“晋升”为一家上市公司&#65292;券商将接受整个市场的监督&#65292;这将有助于其提高公司治理水平&#65292;规范经营与运作&#65292;进而提升市场竞争能力与抗风险能力。另一方面&#65292;在诸多企业普遍感到融资难的背景下&#65292;借助于资本市场这个平台&#65292;券商不仅在新股IPO时能获取巨额资金&#65292;还能通过再融资等方式来获得所需资金&#65292;从而促进券商做大做强&#65292;其背后的意义不言而喻。

 
资产证券化对于券商而言到底意味着什么&#65292;中信证券与长江证券给出了答案。这两家券商虽然都实现了上市&#65292;但在上市前&#65292;两家券商无论是<div></DIV>
<div>&nbsp;<wbr> &nbsp;<wbr>
资产证券化对于券商而言到底意味着什么&#65292;中信证券与长江证券给出了答案。这两家券商虽然都实现了上市&#65292;但在上市前&#65292;两家券商无论是规模、市场影响力、业绩等方面都相差无几。但中信证券于2002年成功发行股份募集到18亿元的资金并于次年1月份上市&#65292;自此其开始步入发展的快车道。四年之后长江证券虽然以股改的方式借壳石炼化上市&#65292;但早已输在了起跑线上。如今&#65292;当年不相上下的两家券商&#65292;中信证券已成行业翘楚&#65292;而长江证券则被其远远地抛在后面。</DIV>
&#65292;如果眼中只有利益&#65292;或许市场还会为之付出更大的代价。

 
就国内券商而言&#65292;去年11月份以来沪深两市强势上涨&#65292;相关券商的总市值亦是水涨船高。如去年12月份中信证券的总市值曾仅次于高盛、瑞银、摩根士丹利这三家著名投行&#65292;位居全球第四位。然而&#65292;无论是2013年的营业收入还是实现的净利润&#65292;中信证券与其根本不在一个等级上&#65292;这也见证着国内顶尖券商与境外大投行之间的差距。笔者以为&#65292;国内券商的发展&#65292;不能依靠监管部门的呵护&#65292;不能“蜗居”在A股市场的温室里&#65292;而是应该勇敢地走出去。只有我们的券商在全球资本市场上具备竞争力&#65292;真正能够掌控话语权与资产定价权时&#65292;才是真正实现了做大做强。而这&#65292;才是券商实现资产证券化的最终意义所在。<div></DIV>
<div>&nbsp;<wbr> &nbsp;<wbr>
随着《国务院关于进一步促进资本市场健康发展的若干意见》的颁布&#65292;以及中国证监会《关于进一步推进证券经营机构创新发展的意见》的出台&#65292;券商行业发展迎来新的机遇。此前&#65292;监管部门不断推出的创新举措&#65292;像融资融券业务、资产管理业务等&#65292;在为券商增添了新的盈利点的同时&#65292;也逐渐让其摆脱了靠“天”吃饭的困境&#65292;券商行业性亏损也没有再现。而且&#65292;随着股票期权等更多创新业务的推出&#65292;券商将会从中获取更大的利益。而这一切&#65292;同样有利于券商的做大做强。</DIV>

1月26日&#65292;申万宏源证券登陆深交所&#65292;并以19.65元收盘&#65292;暴涨32.06%&#65292;其总市值也超越国信证券从而成为深市“一哥”&#65292;在所有券商中仅次于中信证券而排名“老二”。申万宏源的挂牌&#65292;实际上意味着此前的申银万国证券公司实现了上市的梦想&#65292;意味着其资产也实现了证券化。

 
央行降息后的疯牛行情&#65292;表现最耀眼的莫过于券商股。股市走牛&#65292;券商是最直接的受益者。而券商股的强势&#65292;又带动了整个市场。随着国信证券的成功发行与上市&#65292;券商股迎来了第20位成员。但相对于百余家券商而言&#65292;目前只有20家跻身于资本市场&#65292;这个比例明显不高&#65292;今后将有更多券商上市将是大概率事件。

 
而券商实现资产证券化&#65292;其好处则是多方面的。一方面&#65292;从一家普通企业“晋升”为一家上市公司&#65292;券商将接受整个市场的监督&#65292;这将有助于其提高公司治理水平&#65292;规范经营与运作&#65292;进而提升市场竞争能力与抗风险能力。另一方面&#65292;在诸多企业普遍感到融资难的背景下&#65292;借助于资本市场这个平台&#65292;券商不仅在新股IPO时能获取巨额资金&#65292;还能通过再融资等方式来获得所需资金&#65292;从而促进券商做大做强&#65292;其背后的意义不言而喻。

 
资产证券化对于券商而言到底意味着什么&#65292;中信证券与长江证券给出了答案。这两家券商虽然都实现了上市&#65292;但在上市前&#65292;两家券商无论是<div></DIV>
<div>&nbsp;<wbr> &nbsp;<wbr>
然而&#65292;在监管部门大举推进券商创新的同时&#65292;如何防范其中的风险显然不应被漠视。如今年1月16日中国证监会通报了2014年第四季度证券公司融资类业务现场检查情况&#65292;对相关违规券商处罚并重申50万元的门槛之后&#65292;“1.19”暴跌突然而至。当天股市大跌&#65292;券商两融违规无疑要承担主要责任。事实上&#65292;券商两融违规也为其创新业务敲响了警钟。如果不能规范运作&#65292;如果眼中只有利益&#65292;或许市场还会为之付出更大的代价。</DIV>

1月26日&#65292;申万宏源证券登陆深交所&#65292;并以19.65元收盘&#65292;暴涨32.06%&#65292;其总市值也超越国信证券从而成为深市“一哥”&#65292;在所有券商中仅次于中信证券而排名“老二”。申万宏源的挂牌&#65292;实际上意味着此前的申银万国证券公司实现了上市的梦想&#65292;意味着其资产也实现了证券化。

 
央行降息后的疯牛行情&#65292;表现最耀眼的莫过于券商股。股市走牛&#65292;券商是最直接的受益者。而券商股的强势&#65292;又带动了整个市场。随着国信证券的成功发行与上市&#65292;券商股迎来了第20位成员。但相对于百余家券商而言&#65292;目前只有20家跻身于资本市场&#65292;这个比例明显不高&#65292;今后将有更多券商上市将是大概率事件。

 
而券商实现资产证券化&#65292;其好处则是多方面的。一方面&#65292;从一家普通企业“晋升”为一家上市公司&#65292;券商将接受整个市场的监督&#65292;这将有助于其提高公司治理水平&#65292;规范经营与运作&#65292;进而提升市场竞争能力与抗风险能力。另一方面&#65292;在诸多企业普遍感到融资难的背景下&#65292;借助于资本市场这个平台&#65292;券商不仅在新股IPO时能获取巨额资金&#65292;还能通过再融资等方式来获得所需资金&#65292;从而促进券商做大做强&#65292;其背后的意义不言而喻。

 
资产证券化对于券商而言到底意味着什么&#65292;中信证券与长江证券给出了答案。这两家券商虽然都实现了上市&#65292;但在上市前&#65292;两家券商无论是<div></DIV>
<div>&nbsp;<wbr> &nbsp;<wbr>
就国内券商而言&#65292;去年11月份以来沪深两市强势上涨&#65292;相关券商的总市值亦是水涨船高。如去年12月份中信证券的总市值曾仅次于高盛、瑞银、摩根士丹利这三家著名投行&#65292;位居全球第四位。然而&#65292;无论是2013年的营业收入还是实现的净利润&#65292;中信证券与其根本不在一个等级上&#65292;这也见证着国内顶尖券商与境外大投行之间的差距。笔者以为&#65292;国内券商的发展&#65292;不能依靠监管部门的呵护&#65292;不能“蜗居”在A股市场的温室里&#65292;而是应该勇敢地走出去。只有我们的券商在全球资本市场上具备竞争力&#65292;真正能够掌控话语权与资产定价权时&#65292;才是真正实现了做大做强。而这&#65292;才是券商实现资产证券化的最终意义所在。</DIV>来源：(http://blog.sina.com.cn/s/blog_4151be0f0102vbml.html) - 资产证券化有利于券商做大做强_曹中铭_新浪博客							
		</div>
						',
)